[2023-07-10 09:22:36,532: INFO: main: Welcome to our custom logging]
[2023-07-11 09:48:14,845: INFO: common: yaml file: config\config.yaml loaded successfully]
[2023-07-11 09:48:14,853: INFO: common: yaml file: params.yaml loaded successfully]
[2023-07-11 09:48:52,013: INFO: common: yaml file: config\config.yaml loaded successfully]
[2023-07-11 09:48:52,015: INFO: common: yaml file: params.yaml loaded successfully]
[2023-07-11 09:48:52,017: INFO: common: yaml file: schema.yaml loaded successfully]
[2023-07-11 09:48:52,020: INFO: common: created directory at: artifacts]
[2023-07-11 09:48:52,021: INFO: common: created directory at: artifacts/data_ingestion]
[2023-07-11 09:48:53,478: INFO: 2366278714: artifacts/data_ingestion/data.zip download! with following info: 
Connection: close
Content-Length: 23329
Cache-Control: max-age=300
Content-Security-Policy: default-src 'none'; style-src 'unsafe-inline'; sandbox
Content-Type: application/zip
ETag: "c69888a4ae59bc5a893392785a938ccd4937981c06ba8a9d6a21aa52b4ab5b6e"
Strict-Transport-Security: max-age=31536000
X-Content-Type-Options: nosniff
X-Frame-Options: deny
X-XSS-Protection: 1; mode=block
X-GitHub-Request-Id: 3E94:6864:6F310:85DCD:64ACD122
Accept-Ranges: bytes
Date: Tue, 11 Jul 2023 03:48:51 GMT
Via: 1.1 varnish
X-Served-By: cache-hkg17928-HKG
X-Cache: MISS
X-Cache-Hits: 0
X-Timer: S1689047331.016661,VS0,VE353
Vary: Authorization,Accept-Encoding,Origin
Access-Control-Allow-Origin: *
Cross-Origin-Resource-Policy: cross-origin
X-Fastly-Request-ID: 43493bd55c5e75d012dfa4dd102f06d0b14306ba
Expires: Tue, 11 Jul 2023 03:53:51 GMT
Source-Age: 0

]
[2023-07-11 09:57:21,102: INFO: main: >>>>>> stage Data Ingestion stage started <<<<<<]
[2023-07-11 09:57:21,103: INFO: common: yaml file: config\config.yaml loaded successfully]
[2023-07-11 09:57:21,104: INFO: common: yaml file: params.yaml loaded successfully]
[2023-07-11 09:57:21,105: INFO: common: yaml file: schema.yaml loaded successfully]
[2023-07-11 09:57:21,105: INFO: common: created directory at: artifacts]
[2023-07-11 09:57:21,105: INFO: common: created directory at: artifacts/data_ingestion]
[2023-07-11 09:57:22,517: INFO: data_ingestion: artifacts/data_ingestion/data.zip download! with following info: 
Connection: close
Content-Length: 23329
Cache-Control: max-age=300
Content-Security-Policy: default-src 'none'; style-src 'unsafe-inline'; sandbox
Content-Type: application/zip
ETag: "c69888a4ae59bc5a893392785a938ccd4937981c06ba8a9d6a21aa52b4ab5b6e"
Strict-Transport-Security: max-age=31536000
X-Content-Type-Options: nosniff
X-Frame-Options: deny
X-XSS-Protection: 1; mode=block
X-GitHub-Request-Id: 3E94:6864:6F310:85DCD:64ACD122
Accept-Ranges: bytes
Date: Tue, 11 Jul 2023 03:57:20 GMT
Via: 1.1 varnish
X-Served-By: cache-hkg17923-HKG
X-Cache: HIT
X-Cache-Hits: 1
X-Timer: S1689047840.112481,VS0,VE322
Vary: Authorization,Accept-Encoding,Origin
Access-Control-Allow-Origin: *
Cross-Origin-Resource-Policy: cross-origin
X-Fastly-Request-ID: 95580f9d833ae72f55adfaed1463bc6ef2cded2f
Expires: Tue, 11 Jul 2023 04:02:20 GMT
Source-Age: 0

]
[2023-07-11 09:57:22,519: INFO: main: >>>>>> stage Data Ingestion stage completed <<<<<<

x==========x]
[2023-07-11 10:10:18,368: INFO: main: >>>>>> stage Data Ingestion stage started <<<<<<]
[2023-07-11 10:10:18,369: INFO: common: yaml file: config\config.yaml loaded successfully]
[2023-07-11 10:10:18,369: INFO: common: yaml file: params.yaml loaded successfully]
[2023-07-11 10:10:18,369: INFO: common: yaml file: schema.yaml loaded successfully]
[2023-07-11 10:10:18,371: INFO: common: created directory at: artifacts]
[2023-07-11 10:10:18,372: INFO: common: created directory at: artifacts/data_ingestion]
[2023-07-11 10:10:19,750: INFO: data_ingestion: artifacts/data_ingestion/data.zip download! with following info: 
Connection: close
Content-Length: 23329
Cache-Control: max-age=300
Content-Security-Policy: default-src 'none'; style-src 'unsafe-inline'; sandbox
Content-Type: application/zip
ETag: "c69888a4ae59bc5a893392785a938ccd4937981c06ba8a9d6a21aa52b4ab5b6e"
Strict-Transport-Security: max-age=31536000
X-Content-Type-Options: nosniff
X-Frame-Options: deny
X-XSS-Protection: 1; mode=block
X-GitHub-Request-Id: 3E94:6864:6F310:85DCD:64ACD122
Accept-Ranges: bytes
Date: Tue, 11 Jul 2023 04:10:17 GMT
Via: 1.1 varnish
X-Served-By: cache-hkg17932-HKG
X-Cache: HIT
X-Cache-Hits: 1
X-Timer: S1689048617.331657,VS0,VE305
Vary: Authorization,Accept-Encoding,Origin
Access-Control-Allow-Origin: *
Cross-Origin-Resource-Policy: cross-origin
X-Fastly-Request-ID: c220ebc4309dee178f3e2010ec13ff4c92196a6b
Expires: Tue, 11 Jul 2023 04:15:17 GMT
Source-Age: 0

]
[2023-07-11 10:10:19,753: INFO: main: >>>>>> stage Data Ingestion stage completed <<<<<<

x==========x]
[2023-07-11 10:17:34,319: INFO: common: yaml file: config\config.yaml loaded successfully]
[2023-07-11 10:17:34,321: INFO: common: yaml file: params.yaml loaded successfully]
[2023-07-11 10:17:34,323: INFO: common: yaml file: schema.yaml loaded successfully]
[2023-07-11 10:17:34,325: INFO: common: created directory at: artifacts]
[2023-07-11 10:17:34,326: INFO: common: created directory at: artifacts/data_validation]
[2023-07-11 10:18:37,648: INFO: common: yaml file: config\config.yaml loaded successfully]
[2023-07-11 10:18:37,649: INFO: common: yaml file: params.yaml loaded successfully]
[2023-07-11 10:18:37,651: INFO: common: yaml file: schema.yaml loaded successfully]
[2023-07-11 10:18:37,652: INFO: common: created directory at: artifacts]
[2023-07-11 10:18:37,653: INFO: common: created directory at: artifacts/data_validation]
[2023-07-11 10:19:06,328: INFO: common: yaml file: config\config.yaml loaded successfully]
[2023-07-11 10:19:06,329: INFO: common: yaml file: params.yaml loaded successfully]
[2023-07-11 10:19:06,333: INFO: common: yaml file: schema.yaml loaded successfully]
[2023-07-11 10:19:06,334: INFO: common: created directory at: artifacts]
[2023-07-11 10:19:06,338: INFO: common: created directory at: artifacts/data_validation]
[2023-07-11 10:19:18,638: INFO: common: yaml file: config\config.yaml loaded successfully]
[2023-07-11 10:19:18,640: INFO: common: yaml file: params.yaml loaded successfully]
[2023-07-11 10:19:18,644: INFO: common: yaml file: schema.yaml loaded successfully]
[2023-07-11 10:19:18,646: INFO: common: created directory at: artifacts]
[2023-07-11 10:19:18,647: INFO: common: created directory at: artifacts/data_validation]
[2023-07-11 10:23:58,760: INFO: main: >>>>>> stage Data Ingestion stage started <<<<<<]
[2023-07-11 10:23:58,762: INFO: common: yaml file: config\config.yaml loaded successfully]
[2023-07-11 10:23:58,763: INFO: common: yaml file: params.yaml loaded successfully]
[2023-07-11 10:23:58,764: INFO: common: yaml file: schema.yaml loaded successfully]
[2023-07-11 10:23:58,765: INFO: common: created directory at: artifacts]
[2023-07-11 10:23:58,765: INFO: common: created directory at: artifacts/data_ingestion]
[2023-07-11 10:23:59,979: INFO: data_ingestion: artifacts/data_ingestion/data.zip download! with following info: 
Connection: close
Content-Length: 23329
Cache-Control: max-age=300
Content-Security-Policy: default-src 'none'; style-src 'unsafe-inline'; sandbox
Content-Type: application/zip
ETag: "c69888a4ae59bc5a893392785a938ccd4937981c06ba8a9d6a21aa52b4ab5b6e"
Strict-Transport-Security: max-age=31536000
X-Content-Type-Options: nosniff
X-Frame-Options: deny
X-XSS-Protection: 1; mode=block
X-GitHub-Request-Id: 3E94:6864:6F310:85DCD:64ACD122
Accept-Ranges: bytes
Date: Tue, 11 Jul 2023 04:23:57 GMT
Via: 1.1 varnish
X-Served-By: cache-hkg17921-HKG
X-Cache: HIT
X-Cache-Hits: 1
X-Timer: S1689049438.613484,VS0,VE305
Vary: Authorization,Accept-Encoding,Origin
Access-Control-Allow-Origin: *
Cross-Origin-Resource-Policy: cross-origin
X-Fastly-Request-ID: bc80153a011f119e1b6f70fd967adedd8f038ece
Expires: Tue, 11 Jul 2023 04:28:57 GMT
Source-Age: 0

]
[2023-07-11 10:23:59,982: INFO: main: >>>>>> stage Data Ingestion stage completed <<<<<<

x==========x]
[2023-07-11 10:23:59,983: INFO: main: >>>>>> stage Data Validation stage started <<<<<<]
[2023-07-11 10:23:59,984: INFO: common: yaml file: config\config.yaml loaded successfully]
[2023-07-11 10:23:59,985: INFO: common: yaml file: params.yaml loaded successfully]
[2023-07-11 10:23:59,986: INFO: common: yaml file: schema.yaml loaded successfully]
[2023-07-11 10:23:59,987: INFO: common: created directory at: artifacts]
[2023-07-11 10:23:59,987: INFO: common: created directory at: artifacts/data_validation]
[2023-07-11 10:23:59,994: INFO: main: >>>>>> stage Data Validation stage completed <<<<<<

x==========x]
[2023-07-11 10:52:42,375: INFO: common: yaml file: config\config.yaml loaded successfully]
[2023-07-11 10:52:42,377: INFO: common: yaml file: params.yaml loaded successfully]
[2023-07-11 10:52:42,379: INFO: common: yaml file: schema.yaml loaded successfully]
[2023-07-11 10:52:42,380: INFO: common: created directory at: artifacts]
[2023-07-11 10:52:42,381: INFO: common: created directory at: artifacts/data_transformation]
[2023-07-11 10:52:42,406: INFO: 741865018: Splited data into training and test sets]
[2023-07-11 10:52:42,407: INFO: 741865018: (1199, 12)]
[2023-07-11 10:52:42,407: INFO: 741865018: (400, 12)]
[2023-07-11 10:57:14,539: INFO: main: >>>>>> stage Data Ingestion stage started <<<<<<]
[2023-07-11 10:57:14,541: INFO: common: yaml file: config\config.yaml loaded successfully]
[2023-07-11 10:57:14,541: INFO: common: yaml file: params.yaml loaded successfully]
[2023-07-11 10:57:14,543: INFO: common: yaml file: schema.yaml loaded successfully]
[2023-07-11 10:57:14,550: INFO: common: created directory at: artifacts]
[2023-07-11 10:57:14,550: INFO: common: created directory at: artifacts/data_ingestion]
[2023-07-11 10:57:16,113: INFO: data_ingestion: artifacts/data_ingestion/data.zip download! with following info: 
Connection: close
Content-Length: 23329
Cache-Control: max-age=300
Content-Security-Policy: default-src 'none'; style-src 'unsafe-inline'; sandbox
Content-Type: application/zip
ETag: "c69888a4ae59bc5a893392785a938ccd4937981c06ba8a9d6a21aa52b4ab5b6e"
Strict-Transport-Security: max-age=31536000
X-Content-Type-Options: nosniff
X-Frame-Options: deny
X-XSS-Protection: 1; mode=block
X-GitHub-Request-Id: 3E94:6864:6F310:85DCD:64ACD122
Accept-Ranges: bytes
Date: Tue, 11 Jul 2023 04:57:14 GMT
Via: 1.1 varnish
X-Served-By: cache-hkg17931-HKG
X-Cache: HIT
X-Cache-Hits: 1
X-Timer: S1689051434.666883,VS0,VE340
Vary: Authorization,Accept-Encoding,Origin
Access-Control-Allow-Origin: *
Cross-Origin-Resource-Policy: cross-origin
X-Fastly-Request-ID: 817020f0fb6b932a61a7ac8dafde7af89baaa4bf
Expires: Tue, 11 Jul 2023 05:02:14 GMT
Source-Age: 0

]
[2023-07-11 10:57:16,115: INFO: main: >>>>>> stage Data Ingestion stage completed <<<<<<

x==========x]
[2023-07-11 10:57:16,115: INFO: main: >>>>>> stage Data Validation stage started <<<<<<]
[2023-07-11 10:57:16,117: INFO: common: yaml file: config\config.yaml loaded successfully]
[2023-07-11 10:57:16,117: INFO: common: yaml file: params.yaml loaded successfully]
[2023-07-11 10:57:16,119: INFO: common: yaml file: schema.yaml loaded successfully]
[2023-07-11 10:57:16,119: INFO: common: created directory at: artifacts]
[2023-07-11 10:57:16,121: INFO: common: created directory at: artifacts/data_validation]
[2023-07-11 10:57:16,126: INFO: main: >>>>>> stage Data Validation stage completed <<<<<<

x==========x]
[2023-07-11 10:57:16,126: INFO: main: >>>>>> stage Data Transformation stage started <<<<<<]
[2023-07-11 10:57:16,128: INFO: common: yaml file: config\config.yaml loaded successfully]
[2023-07-11 10:57:16,128: INFO: common: yaml file: params.yaml loaded successfully]
[2023-07-11 10:57:16,130: INFO: common: yaml file: schema.yaml loaded successfully]
[2023-07-11 10:57:16,131: INFO: common: created directory at: artifacts]
[2023-07-11 10:57:16,131: INFO: common: created directory at: artifacts/data_transformation]
[2023-07-11 10:57:16,152: INFO: data_transformation: Splited data into training and test sets]
[2023-07-11 10:57:16,152: INFO: data_transformation: (1199, 12)]
[2023-07-11 10:57:16,152: INFO: data_transformation: (400, 12)]
[2023-07-11 10:57:16,152: INFO: main: >>>>>> stage Data Transformation stage completed <<<<<<

x==========x]
[2023-07-11 20:13:53,258: INFO: common: yaml file: config\config.yaml loaded successfully]
[2023-07-11 20:13:53,265: INFO: common: yaml file: params.yaml loaded successfully]
[2023-07-11 20:13:53,268: INFO: common: yaml file: schema.yaml loaded successfully]
[2023-07-11 20:13:53,269: INFO: common: created directory at: artifacts]
[2023-07-11 20:13:53,270: INFO: common: created directory at: artifacts/model_trainer]
[2023-07-11 20:17:41,665: INFO: main: >>>>>> stage Data Ingestion stage started <<<<<<]
[2023-07-11 20:17:41,668: INFO: common: yaml file: config\config.yaml loaded successfully]
[2023-07-11 20:17:41,669: INFO: common: yaml file: params.yaml loaded successfully]
[2023-07-11 20:17:41,671: INFO: common: yaml file: schema.yaml loaded successfully]
[2023-07-11 20:17:41,671: INFO: common: created directory at: artifacts]
[2023-07-11 20:17:41,672: INFO: common: created directory at: artifacts/data_ingestion]
[2023-07-11 20:17:43,040: INFO: data_ingestion: artifacts/data_ingestion/data.zip download! with following info: 
Connection: close
Content-Length: 23329
Cache-Control: max-age=300
Content-Security-Policy: default-src 'none'; style-src 'unsafe-inline'; sandbox
Content-Type: application/zip
ETag: "c69888a4ae59bc5a893392785a938ccd4937981c06ba8a9d6a21aa52b4ab5b6e"
Strict-Transport-Security: max-age=31536000
X-Content-Type-Options: nosniff
X-Frame-Options: deny
X-XSS-Protection: 1; mode=block
X-GitHub-Request-Id: 3E52:5A68:14AF2C:17C983:64AD6484
Accept-Ranges: bytes
Date: Tue, 11 Jul 2023 14:17:40 GMT
Via: 1.1 varnish
X-Served-By: cache-hkg17929-HKG
X-Cache: MISS
X-Cache-Hits: 0
X-Timer: S1689085060.398208,VS0,VE346
Vary: Authorization,Accept-Encoding,Origin
Access-Control-Allow-Origin: *
Cross-Origin-Resource-Policy: cross-origin
X-Fastly-Request-ID: 61c82c165e79c831e776ab7ddb0e42398972ede5
Expires: Tue, 11 Jul 2023 14:22:40 GMT
Source-Age: 0

]
[2023-07-11 20:17:43,043: INFO: main: >>>>>> stage Data Ingestion stage completed <<<<<<

x==========x]
[2023-07-11 20:17:43,043: INFO: main: >>>>>> stage Data Validation stage started <<<<<<]
[2023-07-11 20:17:43,045: INFO: common: yaml file: config\config.yaml loaded successfully]
[2023-07-11 20:17:43,046: INFO: common: yaml file: params.yaml loaded successfully]
[2023-07-11 20:17:43,048: INFO: common: yaml file: schema.yaml loaded successfully]
[2023-07-11 20:17:43,048: INFO: common: created directory at: artifacts]
[2023-07-11 20:17:43,048: INFO: common: created directory at: artifacts/data_validation]
[2023-07-11 20:17:43,053: INFO: main: >>>>>> stage Data Validation stage completed <<<<<<

x==========x]
[2023-07-11 20:17:43,054: INFO: main: >>>>>> stage Data Transformation stage started <<<<<<]
[2023-07-11 20:17:43,056: INFO: common: yaml file: config\config.yaml loaded successfully]
[2023-07-11 20:17:43,056: INFO: common: yaml file: params.yaml loaded successfully]
[2023-07-11 20:17:43,058: INFO: common: yaml file: schema.yaml loaded successfully]
[2023-07-11 20:17:43,058: INFO: common: created directory at: artifacts]
[2023-07-11 20:17:43,059: INFO: common: created directory at: artifacts/data_transformation]
[2023-07-11 20:17:43,076: INFO: data_transformation: Splited data into training and test sets]
[2023-07-11 20:17:43,076: INFO: data_transformation: (1199, 12)]
[2023-07-11 20:17:43,077: INFO: data_transformation: (400, 12)]
[2023-07-11 20:17:43,077: INFO: main: >>>>>> stage Data Transformation stage completed <<<<<<

x==========x]
[2023-07-11 20:17:43,077: INFO: main: >>>>>> stage Model Trainer stage started <<<<<<]
[2023-07-11 20:17:43,079: INFO: common: yaml file: config\config.yaml loaded successfully]
[2023-07-11 20:17:43,080: INFO: common: yaml file: params.yaml loaded successfully]
[2023-07-11 20:17:43,081: INFO: common: yaml file: schema.yaml loaded successfully]
[2023-07-11 20:17:43,082: INFO: common: created directory at: artifacts]
[2023-07-11 20:17:43,082: INFO: common: created directory at: artifacts/model_trainer]
[2023-07-11 20:17:43,092: INFO: main: >>>>>> stage Model Trainer stage completed <<<<<<

x==========x]
[2023-07-11 20:30:20,437: INFO: common: yaml file: config\config.yaml loaded successfully]
[2023-07-11 20:30:20,439: INFO: common: yaml file: params.yaml loaded successfully]
[2023-07-11 20:30:20,441: INFO: common: yaml file: schema.yaml loaded successfully]
[2023-07-11 20:30:20,442: INFO: common: created directory at: artifacts]
[2023-07-11 20:30:20,443: INFO: common: created directory at: artifacts/model_evaluation]
[2023-07-11 20:30:22,300: INFO: common: json file saved at: artifacts\model_evaluation\metrics.json]
[2023-07-11 20:31:23,825: INFO: common: yaml file: config\config.yaml loaded successfully]
[2023-07-11 20:31:23,827: INFO: common: yaml file: params.yaml loaded successfully]
[2023-07-11 20:31:23,830: INFO: common: yaml file: schema.yaml loaded successfully]
[2023-07-11 20:31:23,832: INFO: common: created directory at: artifacts]
[2023-07-11 20:31:23,833: INFO: common: created directory at: artifacts/model_evaluation]
[2023-07-11 20:31:24,272: INFO: common: json file saved at: artifacts\model_evaluation\metrics.json]
[2023-07-11 20:36:36,883: INFO: main: >>>>>> stage Data Ingestion stage started <<<<<<]
[2023-07-11 20:36:36,892: INFO: common: yaml file: config\config.yaml loaded successfully]
[2023-07-11 20:36:36,893: INFO: common: yaml file: params.yaml loaded successfully]
[2023-07-11 20:36:36,895: INFO: common: yaml file: schema.yaml loaded successfully]
[2023-07-11 20:36:36,895: INFO: common: created directory at: artifacts]
[2023-07-11 20:36:36,895: INFO: common: created directory at: artifacts/data_ingestion]
[2023-07-11 20:36:38,199: INFO: data_ingestion: artifacts/data_ingestion/data.zip download! with following info: 
Connection: close
Content-Length: 23329
Cache-Control: max-age=300
Content-Security-Policy: default-src 'none'; style-src 'unsafe-inline'; sandbox
Content-Type: application/zip
ETag: "c69888a4ae59bc5a893392785a938ccd4937981c06ba8a9d6a21aa52b4ab5b6e"
Strict-Transport-Security: max-age=31536000
X-Content-Type-Options: nosniff
X-Frame-Options: deny
X-XSS-Protection: 1; mode=block
X-GitHub-Request-Id: 3E52:5A68:14AF2C:17C983:64AD6484
Accept-Ranges: bytes
Date: Tue, 11 Jul 2023 14:36:35 GMT
Via: 1.1 varnish
X-Served-By: cache-hkg17932-HKG
X-Cache: HIT
X-Cache-Hits: 1
X-Timer: S1689086196.550660,VS0,VE361
Vary: Authorization,Accept-Encoding,Origin
Access-Control-Allow-Origin: *
Cross-Origin-Resource-Policy: cross-origin
X-Fastly-Request-ID: 588ace3c78e271c7389916d7ad9d0cc9625b7402
Expires: Tue, 11 Jul 2023 14:41:35 GMT
Source-Age: 0

]
[2023-07-11 20:36:38,201: INFO: main: >>>>>> stage Data Ingestion stage completed <<<<<<

x==========x]
[2023-07-11 20:36:38,201: INFO: main: >>>>>> stage Data Validation stage started <<<<<<]
[2023-07-11 20:36:38,204: INFO: common: yaml file: config\config.yaml loaded successfully]
[2023-07-11 20:36:38,205: INFO: common: yaml file: params.yaml loaded successfully]
[2023-07-11 20:36:38,206: INFO: common: yaml file: schema.yaml loaded successfully]
[2023-07-11 20:36:38,207: INFO: common: created directory at: artifacts]
[2023-07-11 20:36:38,207: INFO: common: created directory at: artifacts/data_validation]
[2023-07-11 20:36:38,213: INFO: main: >>>>>> stage Data Validation stage completed <<<<<<

x==========x]
[2023-07-11 20:36:38,213: INFO: main: >>>>>> stage Data Transformation stage started <<<<<<]
[2023-07-11 20:36:38,216: INFO: common: yaml file: config\config.yaml loaded successfully]
[2023-07-11 20:36:38,217: INFO: common: yaml file: params.yaml loaded successfully]
[2023-07-11 20:36:38,219: INFO: common: yaml file: schema.yaml loaded successfully]
[2023-07-11 20:36:38,220: INFO: common: created directory at: artifacts]
[2023-07-11 20:36:38,220: INFO: common: created directory at: artifacts/data_transformation]
[2023-07-11 20:36:38,241: INFO: data_transformation: Splited data into training and test sets]
[2023-07-11 20:36:38,241: INFO: data_transformation: (1199, 12)]
[2023-07-11 20:36:38,242: INFO: data_transformation: (400, 12)]
[2023-07-11 20:36:38,242: INFO: main: >>>>>> stage Data Transformation stage completed <<<<<<

x==========x]
[2023-07-11 20:36:38,242: INFO: main: >>>>>> stage Model Trainer stage started <<<<<<]
[2023-07-11 20:36:38,245: INFO: common: yaml file: config\config.yaml loaded successfully]
[2023-07-11 20:36:38,246: INFO: common: yaml file: params.yaml loaded successfully]
[2023-07-11 20:36:38,248: INFO: common: yaml file: schema.yaml loaded successfully]
[2023-07-11 20:36:38,248: INFO: common: created directory at: artifacts]
[2023-07-11 20:36:38,249: INFO: common: created directory at: artifacts/model_trainer]
[2023-07-11 20:36:38,261: INFO: main: >>>>>> stage Model Trainer stage completed <<<<<<

x==========x]
[2023-07-11 20:36:38,261: INFO: main: >>>>>> stage Model evaluation stage started <<<<<<]
[2023-07-11 20:36:38,264: INFO: common: yaml file: config\config.yaml loaded successfully]
[2023-07-11 20:36:38,265: INFO: common: yaml file: params.yaml loaded successfully]
[2023-07-11 20:36:38,267: INFO: common: yaml file: schema.yaml loaded successfully]
[2023-07-11 20:36:38,267: INFO: common: created directory at: artifacts]
[2023-07-11 20:36:38,267: INFO: common: created directory at: artifacts/model_evaluation]
[2023-07-11 20:36:39,441: INFO: common: json file saved at: artifacts\model_evaluation\metrics.json]
[2023-07-11 20:36:49,245: INFO: main: >>>>>> stage Model evaluation stage completed <<<<<<

x==========x]
[2023-07-11 20:37:28,083: INFO: main: >>>>>> stage Data Ingestion stage started <<<<<<]
[2023-07-11 20:37:28,087: INFO: common: yaml file: config\config.yaml loaded successfully]
[2023-07-11 20:37:28,088: INFO: common: yaml file: params.yaml loaded successfully]
[2023-07-11 20:37:28,090: INFO: common: yaml file: schema.yaml loaded successfully]
[2023-07-11 20:37:28,090: INFO: common: created directory at: artifacts]
[2023-07-11 20:37:28,090: INFO: common: created directory at: artifacts/data_ingestion]
[2023-07-11 20:37:28,090: INFO: data_ingestion: File already exists of size: ~ 23 KB]
[2023-07-11 20:37:28,092: INFO: main: >>>>>> stage Data Ingestion stage completed <<<<<<

x==========x]
[2023-07-11 20:37:28,092: INFO: main: >>>>>> stage Data Validation stage started <<<<<<]
[2023-07-11 20:37:28,094: INFO: common: yaml file: config\config.yaml loaded successfully]
[2023-07-11 20:37:28,095: INFO: common: yaml file: params.yaml loaded successfully]
[2023-07-11 20:37:28,096: INFO: common: yaml file: schema.yaml loaded successfully]
[2023-07-11 20:37:28,097: INFO: common: created directory at: artifacts]
[2023-07-11 20:37:28,097: INFO: common: created directory at: artifacts/data_validation]
[2023-07-11 20:37:28,102: INFO: main: >>>>>> stage Data Validation stage completed <<<<<<

x==========x]
[2023-07-11 20:37:28,102: INFO: main: >>>>>> stage Data Transformation stage started <<<<<<]
[2023-07-11 20:37:28,105: INFO: common: yaml file: config\config.yaml loaded successfully]
[2023-07-11 20:37:28,106: INFO: common: yaml file: params.yaml loaded successfully]
[2023-07-11 20:37:28,107: INFO: common: yaml file: schema.yaml loaded successfully]
[2023-07-11 20:37:28,108: INFO: common: created directory at: artifacts]
[2023-07-11 20:37:28,108: INFO: common: created directory at: artifacts/data_transformation]
[2023-07-11 20:37:28,121: INFO: data_transformation: Splited data into training and test sets]
[2023-07-11 20:37:28,121: INFO: data_transformation: (1199, 12)]
[2023-07-11 20:37:28,121: INFO: data_transformation: (400, 12)]
[2023-07-11 20:37:28,122: INFO: main: >>>>>> stage Data Transformation stage completed <<<<<<

x==========x]
[2023-07-11 20:37:28,122: INFO: main: >>>>>> stage Model Trainer stage started <<<<<<]
[2023-07-11 20:37:28,125: INFO: common: yaml file: config\config.yaml loaded successfully]
[2023-07-11 20:37:28,126: INFO: common: yaml file: params.yaml loaded successfully]
[2023-07-11 20:37:28,127: INFO: common: yaml file: schema.yaml loaded successfully]
[2023-07-11 20:37:28,128: INFO: common: created directory at: artifacts]
[2023-07-11 20:37:28,128: INFO: common: created directory at: artifacts/model_trainer]
[2023-07-11 20:37:28,138: INFO: main: >>>>>> stage Model Trainer stage completed <<<<<<

x==========x]
[2023-07-11 20:37:28,138: INFO: main: >>>>>> stage Model evaluation stage started <<<<<<]
[2023-07-11 20:37:28,141: INFO: common: yaml file: config\config.yaml loaded successfully]
[2023-07-11 20:37:28,142: INFO: common: yaml file: params.yaml loaded successfully]
[2023-07-11 20:37:28,144: INFO: common: yaml file: schema.yaml loaded successfully]
[2023-07-11 20:37:28,144: INFO: common: created directory at: artifacts]
[2023-07-11 20:37:28,144: INFO: common: created directory at: artifacts/model_evaluation]
[2023-07-11 20:37:29,311: INFO: common: json file saved at: artifacts\model_evaluation\metrics.json]
[2023-07-11 20:37:37,358: INFO: main: >>>>>> stage Model evaluation stage completed <<<<<<

x==========x]
[2023-07-11 20:37:51,337: INFO: main: >>>>>> stage Data Ingestion stage started <<<<<<]
[2023-07-11 20:37:51,341: INFO: common: yaml file: config\config.yaml loaded successfully]
[2023-07-11 20:37:51,342: INFO: common: yaml file: params.yaml loaded successfully]
[2023-07-11 20:37:51,344: INFO: common: yaml file: schema.yaml loaded successfully]
[2023-07-11 20:37:51,345: INFO: common: created directory at: artifacts]
[2023-07-11 20:37:51,345: INFO: common: created directory at: artifacts/data_ingestion]
[2023-07-11 20:37:51,345: INFO: data_ingestion: File already exists of size: ~ 23 KB]
[2023-07-11 20:37:51,347: INFO: main: >>>>>> stage Data Ingestion stage completed <<<<<<

x==========x]
[2023-07-11 20:37:51,347: INFO: main: >>>>>> stage Data Validation stage started <<<<<<]
[2023-07-11 20:37:51,350: INFO: common: yaml file: config\config.yaml loaded successfully]
[2023-07-11 20:37:51,350: INFO: common: yaml file: params.yaml loaded successfully]
[2023-07-11 20:37:51,352: INFO: common: yaml file: schema.yaml loaded successfully]
[2023-07-11 20:37:51,352: INFO: common: created directory at: artifacts]
[2023-07-11 20:37:51,353: INFO: common: created directory at: artifacts/data_validation]
[2023-07-11 20:37:51,358: INFO: main: >>>>>> stage Data Validation stage completed <<<<<<

x==========x]
[2023-07-11 20:37:51,358: INFO: main: >>>>>> stage Data Transformation stage started <<<<<<]
[2023-07-11 20:37:51,361: INFO: common: yaml file: config\config.yaml loaded successfully]
[2023-07-11 20:37:51,362: INFO: common: yaml file: params.yaml loaded successfully]
[2023-07-11 20:37:51,363: INFO: common: yaml file: schema.yaml loaded successfully]
[2023-07-11 20:37:51,364: INFO: common: created directory at: artifacts]
[2023-07-11 20:37:51,364: INFO: common: created directory at: artifacts/data_transformation]
[2023-07-11 20:37:51,378: INFO: data_transformation: Splited data into training and test sets]
[2023-07-11 20:37:51,378: INFO: data_transformation: (1199, 12)]
[2023-07-11 20:37:51,378: INFO: data_transformation: (400, 12)]
[2023-07-11 20:37:51,379: INFO: main: >>>>>> stage Data Transformation stage completed <<<<<<

x==========x]
[2023-07-11 20:37:51,379: INFO: main: >>>>>> stage Model Trainer stage started <<<<<<]
[2023-07-11 20:37:51,382: INFO: common: yaml file: config\config.yaml loaded successfully]
[2023-07-11 20:37:51,383: INFO: common: yaml file: params.yaml loaded successfully]
[2023-07-11 20:37:51,384: INFO: common: yaml file: schema.yaml loaded successfully]
[2023-07-11 20:37:51,385: INFO: common: created directory at: artifacts]
[2023-07-11 20:37:51,385: INFO: common: created directory at: artifacts/model_trainer]
[2023-07-11 20:37:51,395: INFO: main: >>>>>> stage Model Trainer stage completed <<<<<<

x==========x]
[2023-07-11 20:37:51,396: INFO: main: >>>>>> stage Model evaluation stage started <<<<<<]
[2023-07-11 20:37:51,398: INFO: common: yaml file: config\config.yaml loaded successfully]
[2023-07-11 20:37:51,399: INFO: common: yaml file: params.yaml loaded successfully]
[2023-07-11 20:37:51,401: INFO: common: yaml file: schema.yaml loaded successfully]
[2023-07-11 20:37:51,401: INFO: common: created directory at: artifacts]
[2023-07-11 20:37:51,401: INFO: common: created directory at: artifacts/model_evaluation]
[2023-07-11 20:37:52,573: INFO: common: json file saved at: artifacts\model_evaluation\metrics.json]
[2023-07-11 20:38:00,568: INFO: main: >>>>>> stage Model evaluation stage completed <<<<<<

x==========x]
[2023-07-12 09:26:50,772: INFO: _internal: [31m[1mWARNING: This is a development server. Do not use it in a production deployment. Use a production WSGI server instead.[0m
 * Running on all addresses (0.0.0.0)
 * Running on http://127.0.0.1:8080
 * Running on http://192.168.0.107:8080]
[2023-07-12 09:26:50,773: INFO: _internal: [33mPress CTRL+C to quit[0m]
[2023-07-12 09:26:50,774: INFO: _internal:  * Restarting with stat]
[2023-07-12 09:26:51,447: WARNING: _internal:  * Debugger is active!]
[2023-07-12 09:26:51,455: INFO: _internal:  * Debugger PIN: 125-284-389]
[2023-07-12 09:27:09,761: INFO: _internal: 127.0.0.1 - - [12/Jul/2023 09:27:09] "GET / HTTP/1.1" 200 -]
[2023-07-12 09:27:09,793: INFO: _internal: 127.0.0.1 - - [12/Jul/2023 09:27:09] "GET /static/css/styles.css HTTP/1.1" 200 -]
[2023-07-12 09:27:10,005: INFO: _internal: 127.0.0.1 - - [12/Jul/2023 09:27:10] "GET /static/css2/nunito-font.css HTTP/1.1" 200 -]
[2023-07-12 09:27:10,096: INFO: _internal: 127.0.0.1 - - [12/Jul/2023 09:27:10] "GET /static/css2/style.css HTTP/1.1" 200 -]
[2023-07-12 09:27:10,097: INFO: _internal: 127.0.0.1 - - [12/Jul/2023 09:27:10] "GET /static/js/scripts.js HTTP/1.1" 200 -]
[2023-07-12 09:27:12,448: INFO: _internal: 127.0.0.1 - - [12/Jul/2023 09:27:12] "[33mGET /static/fonts/Nunito/Nunito-Bold.ttf HTTP/1.1[0m" 404 -]
[2023-07-12 09:27:12,450: INFO: _internal: 127.0.0.1 - - [12/Jul/2023 09:27:12] "[33mGET /static/assets/img/wine.jpg HTTP/1.1[0m" 404 -]
[2023-07-12 09:27:12,487: INFO: _internal: 127.0.0.1 - - [12/Jul/2023 09:27:12] "GET /static/assets/img/form-v9.jpg HTTP/1.1" 200 -]
[2023-07-12 09:27:12,705: INFO: _internal: 127.0.0.1 - - [12/Jul/2023 09:27:12] "GET /static/assets/favicon.ico HTTP/1.1" 200 -]
[2023-07-12 09:29:03,271: INFO: _internal:  * Detected change in 'D:\\Bappy\\YouTube\\End-to-end-Machine-Learning-Project-with-MLflow\\app.py', reloading]
[2023-07-12 09:29:03,337: INFO: _internal:  * Restarting with stat]
[2023-07-12 09:29:04,176: WARNING: _internal:  * Debugger is active!]
[2023-07-12 09:29:04,185: INFO: _internal:  * Debugger PIN: 125-284-389]
[2023-07-12 09:29:36,827: INFO: main: >>>>>> stage Data Ingestion stage started <<<<<<]
[2023-07-12 09:29:36,830: INFO: common: yaml file: config\config.yaml loaded successfully]
[2023-07-12 09:29:36,832: INFO: common: yaml file: params.yaml loaded successfully]
[2023-07-12 09:29:36,834: INFO: common: yaml file: schema.yaml loaded successfully]
[2023-07-12 09:29:36,835: INFO: common: created directory at: artifacts]
[2023-07-12 09:29:36,835: INFO: common: created directory at: artifacts/data_ingestion]
[2023-07-12 09:29:38,522: INFO: data_ingestion: artifacts/data_ingestion/data.zip download! with following info: 
Connection: close
Content-Length: 23329
Cache-Control: max-age=300
Content-Security-Policy: default-src 'none'; style-src 'unsafe-inline'; sandbox
Content-Type: application/zip
ETag: "c69888a4ae59bc5a893392785a938ccd4937981c06ba8a9d6a21aa52b4ab5b6e"
Strict-Transport-Security: max-age=31536000
X-Content-Type-Options: nosniff
X-Frame-Options: deny
X-XSS-Protection: 1; mode=block
X-GitHub-Request-Id: 6AE6:6622:1E6E3A:23A9EF:64AE1E1F
Accept-Ranges: bytes
Date: Wed, 12 Jul 2023 03:29:36 GMT
Via: 1.1 varnish
X-Served-By: cache-hkg17923-HKG
X-Cache: MISS
X-Cache-Hits: 0
X-Timer: S1689132575.383919,VS0,VE641
Vary: Authorization,Accept-Encoding,Origin
Access-Control-Allow-Origin: *
Cross-Origin-Resource-Policy: cross-origin
X-Fastly-Request-ID: 901e84bfd2d7b128c22c8f136250be041381556b
Expires: Wed, 12 Jul 2023 03:34:36 GMT
Source-Age: 0

]
[2023-07-12 09:29:38,525: INFO: main: >>>>>> stage Data Ingestion stage completed <<<<<<

x==========x]
[2023-07-12 09:29:38,526: INFO: main: >>>>>> stage Data Validation stage started <<<<<<]
[2023-07-12 09:29:38,530: INFO: common: yaml file: config\config.yaml loaded successfully]
[2023-07-12 09:29:38,531: INFO: common: yaml file: params.yaml loaded successfully]
[2023-07-12 09:29:38,533: INFO: common: yaml file: schema.yaml loaded successfully]
[2023-07-12 09:29:38,534: INFO: common: created directory at: artifacts]
[2023-07-12 09:29:38,534: INFO: common: created directory at: artifacts/data_validation]
[2023-07-12 09:29:38,541: INFO: main: >>>>>> stage Data Validation stage completed <<<<<<

x==========x]
[2023-07-12 09:29:38,542: INFO: main: >>>>>> stage Data Transformation stage started <<<<<<]
[2023-07-12 09:29:38,545: INFO: common: yaml file: config\config.yaml loaded successfully]
[2023-07-12 09:29:38,546: INFO: common: yaml file: params.yaml loaded successfully]
[2023-07-12 09:29:38,547: INFO: common: yaml file: schema.yaml loaded successfully]
[2023-07-12 09:29:38,548: INFO: common: created directory at: artifacts]
[2023-07-12 09:29:38,548: INFO: common: created directory at: artifacts/data_transformation]
[2023-07-12 09:29:38,574: INFO: data_transformation: Splited data into training and test sets]
[2023-07-12 09:29:38,574: INFO: data_transformation: (1199, 12)]
[2023-07-12 09:29:38,574: INFO: data_transformation: (400, 12)]
[2023-07-12 09:29:38,574: INFO: main: >>>>>> stage Data Transformation stage completed <<<<<<

x==========x]
[2023-07-12 09:29:38,575: INFO: main: >>>>>> stage Model Trainer stage started <<<<<<]
[2023-07-12 09:29:38,578: INFO: common: yaml file: config\config.yaml loaded successfully]
[2023-07-12 09:29:38,578: INFO: common: yaml file: params.yaml loaded successfully]
[2023-07-12 09:29:38,580: INFO: common: yaml file: schema.yaml loaded successfully]
[2023-07-12 09:29:38,580: INFO: common: created directory at: artifacts]
[2023-07-12 09:29:38,581: INFO: common: created directory at: artifacts/model_trainer]
[2023-07-12 09:29:38,596: INFO: main: >>>>>> stage Model Trainer stage completed <<<<<<

x==========x]
[2023-07-12 09:29:38,596: INFO: main: >>>>>> stage Model evaluation stage started <<<<<<]
[2023-07-12 09:29:38,599: INFO: common: yaml file: config\config.yaml loaded successfully]
[2023-07-12 09:29:38,600: INFO: common: yaml file: params.yaml loaded successfully]
[2023-07-12 09:29:38,602: INFO: common: yaml file: schema.yaml loaded successfully]
[2023-07-12 09:29:38,602: INFO: common: created directory at: artifacts]
[2023-07-12 09:29:38,603: INFO: common: created directory at: artifacts/model_evaluation]
[2023-07-12 09:29:39,062: INFO: common: json file saved at: artifacts\model_evaluation\metrics.json]
[2023-07-12 09:29:41,490: INFO: main: >>>>>> stage Model evaluation stage completed <<<<<<

x==========x]
[2023-07-12 09:29:41,774: INFO: _internal: 127.0.0.1 - - [12/Jul/2023 09:29:41] "GET /train HTTP/1.1" 200 -]
[2023-07-12 09:29:41,819: INFO: _internal: 127.0.0.1 - - [12/Jul/2023 09:29:41] "[33mGET /favicon.ico HTTP/1.1[0m" 404 -]
[2023-07-12 09:32:18,776: INFO: _internal:  * Detected change in 'D:\\Bappy\\YouTube\\End-to-end-Machine-Learning-Project-with-MLflow\\app.py', reloading]
[2023-07-12 09:32:18,851: INFO: _internal:  * Restarting with stat]
[2023-07-12 09:32:19,550: WARNING: _internal:  * Debugger is active!]
[2023-07-12 09:32:19,556: INFO: _internal:  * Debugger PIN: 125-284-389]
[2023-07-12 09:32:30,350: INFO: _internal: 127.0.0.1 - - [12/Jul/2023 09:32:30] "GET / HTTP/1.1" 200 -]
[2023-07-12 09:32:30,369: INFO: _internal: 127.0.0.1 - - [12/Jul/2023 09:32:30] "[36mGET /static/css/styles.css HTTP/1.1[0m" 304 -]
[2023-07-12 09:32:30,611: INFO: _internal: 127.0.0.1 - - [12/Jul/2023 09:32:30] "[36mGET /static/css2/nunito-font.css HTTP/1.1[0m" 304 -]
[2023-07-12 09:32:30,677: INFO: _internal: 127.0.0.1 - - [12/Jul/2023 09:32:30] "[36mGET /static/css2/style.css HTTP/1.1[0m" 304 -]
[2023-07-12 09:32:30,677: INFO: _internal: 127.0.0.1 - - [12/Jul/2023 09:32:30] "[36mGET /static/js/scripts.js HTTP/1.1[0m" 304 -]
[2023-07-12 09:32:30,691: INFO: _internal: 127.0.0.1 - - [12/Jul/2023 09:32:30] "[33mGET /static/assets/img/wine.jpg HTTP/1.1[0m" 404 -]
[2023-07-12 09:32:31,034: INFO: _internal: 127.0.0.1 - - [12/Jul/2023 09:32:31] "[33mGET /static/fonts/Nunito/Nunito-Bold.ttf HTTP/1.1[0m" 404 -]
[2023-07-12 09:32:31,036: INFO: _internal: 127.0.0.1 - - [12/Jul/2023 09:32:31] "[36mGET /static/assets/img/form-v9.jpg HTTP/1.1[0m" 304 -]
[2023-07-12 09:32:31,301: INFO: _internal: 127.0.0.1 - - [12/Jul/2023 09:32:31] "[36mGET /static/assets/favicon.ico HTTP/1.1[0m" 304 -]
[2023-07-12 09:32:44,370: INFO: _internal: 127.0.0.1 - - [12/Jul/2023 09:32:44] "POST /predict HTTP/1.1" 200 -]
[2023-07-12 09:32:44,392: INFO: _internal: 127.0.0.1 - - [12/Jul/2023 09:32:44] "[36mGET /static/css/styles.css HTTP/1.1[0m" 304 -]
[2023-07-12 09:32:44,705: INFO: _internal: 127.0.0.1 - - [12/Jul/2023 09:32:44] "[36mGET /static/js/scripts.js HTTP/1.1[0m" 304 -]
[2023-07-12 09:32:44,706: INFO: _internal: 127.0.0.1 - - [12/Jul/2023 09:32:44] "[33mGET /static/assets/img/wine.gif HTTP/1.1[0m" 404 -]
[2023-07-12 10:04:05,639: INFO: _internal:  * Detected change in 'D:\\Bappy\\YouTube\\End-to-end-Machine-Learning-Project-with-MLflow\\app.py', reloading]
[2023-07-12 10:04:05,890: INFO: _internal:  * Restarting with stat]
[2025-01-26 22:24:05,733: INFO: _internal: [31m[1mWARNING: This is a development server. Do not use it in a production deployment. Use a production WSGI server instead.[0m
 * Running on all addresses (0.0.0.0)
 * Running on http://127.0.0.1:8080
 * Running on http://172.20.10.3:8080]
[2025-01-26 22:24:05,735: INFO: _internal: [33mPress CTRL+C to quit[0m]
[2025-01-26 22:24:24,424: INFO: _internal: 127.0.0.1 - - [26/Jan/2025 22:24:24] "GET / HTTP/1.1" 200 -]
[2025-01-26 22:24:24,708: INFO: _internal: 127.0.0.1 - - [26/Jan/2025 22:24:24] "GET /static/css2/nunito-font.css HTTP/1.1" 200 -]
[2025-01-26 22:24:24,722: INFO: _internal: 127.0.0.1 - - [26/Jan/2025 22:24:24] "GET /static/css2/style.css HTTP/1.1" 200 -]
[2025-01-26 22:24:24,743: INFO: _internal: 127.0.0.1 - - [26/Jan/2025 22:24:24] "GET /static/css/styles.css HTTP/1.1" 200 -]
[2025-01-26 22:24:24,774: INFO: _internal: 127.0.0.1 - - [26/Jan/2025 22:24:24] "GET /static/js/scripts.js HTTP/1.1" 200 -]
[2025-01-26 22:24:25,920: INFO: _internal: 127.0.0.1 - - [26/Jan/2025 22:24:25] "[33mGET /static/assets/img/wine.jpg HTTP/1.1[0m" 404 -]
[2025-01-26 22:24:25,947: INFO: _internal: 127.0.0.1 - - [26/Jan/2025 22:24:25] "GET /static/assets/img/form-v9.jpg HTTP/1.1" 200 -]
[2025-01-26 22:24:26,040: INFO: _internal: 127.0.0.1 - - [26/Jan/2025 22:24:26] "[33mGET /static/fonts/Nunito/Nunito-Bold.ttf HTTP/1.1[0m" 404 -]
[2025-01-26 22:24:26,578: INFO: _internal: 127.0.0.1 - - [26/Jan/2025 22:24:26] "GET /static/assets/favicon.ico HTTP/1.1" 200 -]
[2025-01-26 22:24:41,534: INFO: _internal: 127.0.0.1 - - [26/Jan/2025 22:24:41] "GET / HTTP/1.1" 200 -]
[2025-01-26 22:24:41,595: INFO: _internal: 127.0.0.1 - - [26/Jan/2025 22:24:41] "[36mGET /static/css/styles.css HTTP/1.1[0m" 304 -]
[2025-01-26 22:24:41,619: INFO: _internal: 127.0.0.1 - - [26/Jan/2025 22:24:41] "[36mGET /static/css2/nunito-font.css HTTP/1.1[0m" 304 -]
[2025-01-26 22:24:41,621: INFO: _internal: 127.0.0.1 - - [26/Jan/2025 22:24:41] "[36mGET /static/css2/style.css HTTP/1.1[0m" 304 -]
[2025-01-26 22:24:41,626: INFO: _internal: 127.0.0.1 - - [26/Jan/2025 22:24:41] "[36mGET /static/js/scripts.js HTTP/1.1[0m" 304 -]
[2025-01-26 22:24:41,671: INFO: _internal: 127.0.0.1 - - [26/Jan/2025 22:24:41] "[33mGET /static/assets/img/wine.jpg HTTP/1.1[0m" 404 -]
[2025-01-26 22:24:41,675: INFO: _internal: 127.0.0.1 - - [26/Jan/2025 22:24:41] "[36mGET /static/assets/img/form-v9.jpg HTTP/1.1[0m" 304 -]
[2025-01-26 22:24:41,702: INFO: _internal: 127.0.0.1 - - [26/Jan/2025 22:24:41] "[33mGET /static/fonts/Nunito/Nunito-Bold.ttf HTTP/1.1[0m" 404 -]
[2025-01-26 22:24:45,686: INFO: _internal: 127.0.0.1 - - [26/Jan/2025 22:24:45] "GET / HTTP/1.1" 200 -]
[2025-01-26 22:24:45,781: INFO: _internal: 127.0.0.1 - - [26/Jan/2025 22:24:45] "[36mGET /static/css2/nunito-font.css HTTP/1.1[0m" 304 -]
[2025-01-26 22:24:45,782: INFO: _internal: 127.0.0.1 - - [26/Jan/2025 22:24:45] "[36mGET /static/css/styles.css HTTP/1.1[0m" 304 -]
[2025-01-26 22:24:45,789: INFO: _internal: 127.0.0.1 - - [26/Jan/2025 22:24:45] "[36mGET /static/css2/style.css HTTP/1.1[0m" 304 -]
[2025-01-26 22:24:45,810: INFO: _internal: 127.0.0.1 - - [26/Jan/2025 22:24:45] "[36mGET /static/js/scripts.js HTTP/1.1[0m" 304 -]
[2025-01-26 22:24:45,845: INFO: _internal: 127.0.0.1 - - [26/Jan/2025 22:24:45] "[33mGET /static/assets/img/wine.jpg HTTP/1.1[0m" 404 -]
[2025-01-26 22:24:45,855: INFO: _internal: 127.0.0.1 - - [26/Jan/2025 22:24:45] "[36mGET /static/assets/img/form-v9.jpg HTTP/1.1[0m" 304 -]
[2025-01-26 22:24:45,906: INFO: _internal: 127.0.0.1 - - [26/Jan/2025 22:24:45] "[33mGET /static/fonts/Nunito/Nunito-Bold.ttf HTTP/1.1[0m" 404 -]
[2025-01-26 22:25:27,356: INFO: _internal: 127.0.0.1 - - [26/Jan/2025 22:25:27] "POST /predict HTTP/1.1" 200 -]
[2025-01-26 22:25:27,434: INFO: _internal: 127.0.0.1 - - [26/Jan/2025 22:25:27] "[36mGET /static/css/styles.css HTTP/1.1[0m" 304 -]
[2025-01-26 22:25:27,439: INFO: _internal: 127.0.0.1 - - [26/Jan/2025 22:25:27] "[36mGET /static/js/scripts.js HTTP/1.1[0m" 304 -]
[2025-01-26 22:25:27,474: INFO: _internal: 127.0.0.1 - - [26/Jan/2025 22:25:27] "[33mGET /static/assets/img/wine.gif HTTP/1.1[0m" 404 -]
[2025-01-26 22:25:33,272: INFO: _internal: 127.0.0.1 - - [26/Jan/2025 22:25:33] "GET / HTTP/1.1" 200 -]
[2025-01-26 22:25:33,340: INFO: _internal: 127.0.0.1 - - [26/Jan/2025 22:25:33] "[36mGET /static/css/styles.css HTTP/1.1[0m" 304 -]
[2025-01-26 22:25:33,343: INFO: _internal: 127.0.0.1 - - [26/Jan/2025 22:25:33] "[36mGET /static/css2/nunito-font.css HTTP/1.1[0m" 304 -]
[2025-01-26 22:25:33,353: INFO: _internal: 127.0.0.1 - - [26/Jan/2025 22:25:33] "[36mGET /static/css2/style.css HTTP/1.1[0m" 304 -]
[2025-01-26 22:25:33,371: INFO: _internal: 127.0.0.1 - - [26/Jan/2025 22:25:33] "[36mGET /static/js/scripts.js HTTP/1.1[0m" 304 -]
[2025-01-26 22:25:33,392: INFO: _internal: 127.0.0.1 - - [26/Jan/2025 22:25:33] "[33mGET /static/assets/img/wine.jpg HTTP/1.1[0m" 404 -]
[2025-01-26 22:25:33,427: INFO: _internal: 127.0.0.1 - - [26/Jan/2025 22:25:33] "[36mGET /static/assets/img/form-v9.jpg HTTP/1.1[0m" 304 -]
[2025-01-26 22:25:33,444: INFO: _internal: 127.0.0.1 - - [26/Jan/2025 22:25:33] "[33mGET /static/fonts/Nunito/Nunito-Bold.ttf HTTP/1.1[0m" 404 -]
[2025-01-26 22:27:37,756: INFO: _internal: 127.0.0.1 - - [26/Jan/2025 22:27:37] "POST /predict HTTP/1.1" 200 -]
[2025-01-26 22:27:37,805: INFO: _internal: 127.0.0.1 - - [26/Jan/2025 22:27:37] "[36mGET /static/css/styles.css HTTP/1.1[0m" 304 -]
[2025-01-26 22:27:37,822: INFO: _internal: 127.0.0.1 - - [26/Jan/2025 22:27:37] "[36mGET /static/js/scripts.js HTTP/1.1[0m" 304 -]
[2025-01-26 22:27:37,880: INFO: _internal: 127.0.0.1 - - [26/Jan/2025 22:27:37] "[33mGET /static/assets/img/wine.gif HTTP/1.1[0m" 404 -]
[2025-01-26 22:29:21,785: INFO: _internal: 127.0.0.1 - - [26/Jan/2025 22:29:21] "POST /predict HTTP/1.1" 200 -]
[2025-01-26 22:29:21,844: INFO: _internal: 127.0.0.1 - - [26/Jan/2025 22:29:21] "[36mGET /static/css/styles.css HTTP/1.1[0m" 304 -]
[2025-01-26 22:29:21,869: INFO: _internal: 127.0.0.1 - - [26/Jan/2025 22:29:21] "[36mGET /static/js/scripts.js HTTP/1.1[0m" 304 -]
[2025-01-26 22:29:21,893: INFO: _internal: 127.0.0.1 - - [26/Jan/2025 22:29:21] "[33mGET /static/assets/img/wine.gif HTTP/1.1[0m" 404 -]
[2025-01-26 22:29:21,997: INFO: _internal: 127.0.0.1 - - [26/Jan/2025 22:29:21] "[36mGET /static/assets/favicon.ico HTTP/1.1[0m" 304 -]
[2025-01-26 22:29:24,618: INFO: _internal: 127.0.0.1 - - [26/Jan/2025 22:29:24] "GET / HTTP/1.1" 200 -]
[2025-01-26 22:29:24,668: INFO: _internal: 127.0.0.1 - - [26/Jan/2025 22:29:24] "[36mGET /static/css/styles.css HTTP/1.1[0m" 304 -]
[2025-01-26 22:29:24,694: INFO: _internal: 127.0.0.1 - - [26/Jan/2025 22:29:24] "[36mGET /static/css2/nunito-font.css HTTP/1.1[0m" 304 -]
[2025-01-26 22:29:24,706: INFO: _internal: 127.0.0.1 - - [26/Jan/2025 22:29:24] "[36mGET /static/css2/style.css HTTP/1.1[0m" 304 -]
[2025-01-26 22:29:24,722: INFO: _internal: 127.0.0.1 - - [26/Jan/2025 22:29:24] "[36mGET /static/js/scripts.js HTTP/1.1[0m" 304 -]
[2025-01-26 22:29:24,740: INFO: _internal: 127.0.0.1 - - [26/Jan/2025 22:29:24] "[33mGET /static/assets/img/wine.jpg HTTP/1.1[0m" 404 -]
[2025-01-26 22:29:24,769: INFO: _internal: 127.0.0.1 - - [26/Jan/2025 22:29:24] "[36mGET /static/assets/img/form-v9.jpg HTTP/1.1[0m" 304 -]
[2025-01-26 22:29:24,788: INFO: _internal: 127.0.0.1 - - [26/Jan/2025 22:29:24] "[33mGET /static/fonts/Nunito/Nunito-Bold.ttf HTTP/1.1[0m" 404 -]
[2025-01-26 22:30:03,987: INFO: _internal: [31m[1mWARNING: This is a development server. Do not use it in a production deployment. Use a production WSGI server instead.[0m
 * Running on all addresses (0.0.0.0)
 * Running on http://127.0.0.1:8080
 * Running on http://172.20.10.3:8080]
[2025-01-26 22:30:03,989: INFO: _internal: [33mPress CTRL+C to quit[0m]
[2025-01-26 22:30:14,679: INFO: _internal: 127.0.0.1 - - [26/Jan/2025 22:30:14] "GET / HTTP/1.1" 200 -]
[2025-01-26 22:30:15,112: INFO: _internal: 127.0.0.1 - - [26/Jan/2025 22:30:15] "[36mGET /static/css2/nunito-font.css HTTP/1.1[0m" 304 -]
[2025-01-26 22:30:15,121: INFO: _internal: 127.0.0.1 - - [26/Jan/2025 22:30:15] "[36mGET /static/css/styles.css HTTP/1.1[0m" 304 -]
[2025-01-26 22:30:15,132: INFO: _internal: 127.0.0.1 - - [26/Jan/2025 22:30:15] "[36mGET /static/css2/style.css HTTP/1.1[0m" 304 -]
[2025-01-26 22:30:15,133: INFO: _internal: 127.0.0.1 - - [26/Jan/2025 22:30:15] "[36mGET /static/js/scripts.js HTTP/1.1[0m" 304 -]
[2025-01-26 22:30:15,214: INFO: _internal: 127.0.0.1 - - [26/Jan/2025 22:30:15] "[33mGET /static/assets/img/wine.jpg HTTP/1.1[0m" 404 -]
[2025-01-26 22:30:15,292: INFO: _internal: 127.0.0.1 - - [26/Jan/2025 22:30:15] "[36mGET /static/assets/img/form-v9.jpg HTTP/1.1[0m" 304 -]
[2025-01-26 22:30:15,352: INFO: _internal: 127.0.0.1 - - [26/Jan/2025 22:30:15] "[33mGET /static/fonts/Nunito/Nunito-Bold.ttf HTTP/1.1[0m" 404 -]
[2025-01-26 22:30:58,875: INFO: _internal: 127.0.0.1 - - [26/Jan/2025 22:30:58] "[36mGET /static/assets/favicon.ico HTTP/1.1[0m" 304 -]
[2025-01-26 22:33:09,426: INFO: _internal: 127.0.0.1 - - [26/Jan/2025 22:33:09] "GET / HTTP/1.1" 200 -]
[2025-01-26 22:33:09,482: INFO: _internal: 127.0.0.1 - - [26/Jan/2025 22:33:09] "[36mGET /static/css/styles.css HTTP/1.1[0m" 304 -]
[2025-01-26 22:33:09,491: INFO: _internal: 127.0.0.1 - - [26/Jan/2025 22:33:09] "[36mGET /static/css2/nunito-font.css HTTP/1.1[0m" 304 -]
[2025-01-26 22:33:09,494: INFO: _internal: 127.0.0.1 - - [26/Jan/2025 22:33:09] "[36mGET /static/css2/style.css HTTP/1.1[0m" 304 -]
[2025-01-26 22:33:09,506: INFO: _internal: 127.0.0.1 - - [26/Jan/2025 22:33:09] "[36mGET /static/js/scripts.js HTTP/1.1[0m" 304 -]
[2025-01-26 22:33:09,540: INFO: _internal: 127.0.0.1 - - [26/Jan/2025 22:33:09] "[33mGET /static/assets/img/wine.jpg HTTP/1.1[0m" 404 -]
[2025-01-26 22:33:09,565: INFO: _internal: 127.0.0.1 - - [26/Jan/2025 22:33:09] "[36mGET /static/assets/img/form-v9.jpg HTTP/1.1[0m" 304 -]
[2025-01-26 22:33:09,602: INFO: _internal: 127.0.0.1 - - [26/Jan/2025 22:33:09] "[33mGET /static/fonts/Nunito/Nunito-Bold.ttf HTTP/1.1[0m" 404 -]
[2025-01-26 22:33:09,729: INFO: _internal: 127.0.0.1 - - [26/Jan/2025 22:33:09] "[36mGET /static/assets/favicon.ico HTTP/1.1[0m" 304 -]
[2025-01-26 22:33:10,779: INFO: _internal: 127.0.0.1 - - [26/Jan/2025 22:33:10] "GET / HTTP/1.1" 200 -]
[2025-01-26 22:33:10,833: INFO: _internal: 127.0.0.1 - - [26/Jan/2025 22:33:10] "[36mGET /static/css/styles.css HTTP/1.1[0m" 304 -]
[2025-01-26 22:33:10,841: INFO: _internal: 127.0.0.1 - - [26/Jan/2025 22:33:10] "[36mGET /static/css2/nunito-font.css HTTP/1.1[0m" 304 -]
[2025-01-26 22:33:10,849: INFO: _internal: 127.0.0.1 - - [26/Jan/2025 22:33:10] "[36mGET /static/css2/style.css HTTP/1.1[0m" 304 -]
[2025-01-26 22:33:10,860: INFO: _internal: 127.0.0.1 - - [26/Jan/2025 22:33:10] "[36mGET /static/js/scripts.js HTTP/1.1[0m" 304 -]
[2025-01-26 22:33:10,887: INFO: _internal: 127.0.0.1 - - [26/Jan/2025 22:33:10] "[33mGET /static/assets/img/wine.jpg HTTP/1.1[0m" 404 -]
[2025-01-26 22:33:10,901: INFO: _internal: 127.0.0.1 - - [26/Jan/2025 22:33:10] "[36mGET /static/assets/img/form-v9.jpg HTTP/1.1[0m" 304 -]
[2025-01-26 22:33:10,924: INFO: _internal: 127.0.0.1 - - [26/Jan/2025 22:33:10] "[33mGET /static/fonts/Nunito/Nunito-Bold.ttf HTTP/1.1[0m" 404 -]
[2025-01-26 22:33:10,987: INFO: _internal: 127.0.0.1 - - [26/Jan/2025 22:33:10] "[36mGET /static/assets/favicon.ico HTTP/1.1[0m" 304 -]
[2025-01-26 22:33:12,159: INFO: _internal: 127.0.0.1 - - [26/Jan/2025 22:33:12] "GET / HTTP/1.1" 200 -]
[2025-01-26 22:33:12,221: INFO: _internal: 127.0.0.1 - - [26/Jan/2025 22:33:12] "[36mGET /static/css/styles.css HTTP/1.1[0m" 304 -]
[2025-01-26 22:33:12,226: INFO: _internal: 127.0.0.1 - - [26/Jan/2025 22:33:12] "[36mGET /static/css2/nunito-font.css HTTP/1.1[0m" 304 -]
[2025-01-26 22:33:12,242: INFO: _internal: 127.0.0.1 - - [26/Jan/2025 22:33:12] "[36mGET /static/css2/style.css HTTP/1.1[0m" 304 -]
[2025-01-26 22:33:12,250: INFO: _internal: 127.0.0.1 - - [26/Jan/2025 22:33:12] "[36mGET /static/js/scripts.js HTTP/1.1[0m" 304 -]
[2025-01-26 22:33:12,272: INFO: _internal: 127.0.0.1 - - [26/Jan/2025 22:33:12] "[33mGET /static/assets/img/wine.jpg HTTP/1.1[0m" 404 -]
[2025-01-26 22:33:12,301: INFO: _internal: 127.0.0.1 - - [26/Jan/2025 22:33:12] "[36mGET /static/assets/img/form-v9.jpg HTTP/1.1[0m" 304 -]
[2025-01-26 22:33:12,328: INFO: _internal: 127.0.0.1 - - [26/Jan/2025 22:33:12] "[33mGET /static/fonts/Nunito/Nunito-Bold.ttf HTTP/1.1[0m" 404 -]
[2025-01-26 22:33:12,389: INFO: _internal: 127.0.0.1 - - [26/Jan/2025 22:33:12] "[36mGET /static/assets/favicon.ico HTTP/1.1[0m" 304 -]
[2025-01-26 22:33:13,488: INFO: _internal: 127.0.0.1 - - [26/Jan/2025 22:33:13] "GET / HTTP/1.1" 200 -]
[2025-01-26 22:33:13,530: INFO: _internal: 127.0.0.1 - - [26/Jan/2025 22:33:13] "[36mGET /static/css/styles.css HTTP/1.1[0m" 304 -]
[2025-01-26 22:33:13,549: INFO: _internal: 127.0.0.1 - - [26/Jan/2025 22:33:13] "[36mGET /static/css2/style.css HTTP/1.1[0m" 304 -]
[2025-01-26 22:33:13,556: INFO: _internal: 127.0.0.1 - - [26/Jan/2025 22:33:13] "[36mGET /static/css2/nunito-font.css HTTP/1.1[0m" 304 -]
[2025-01-26 22:33:13,560: INFO: _internal: 127.0.0.1 - - [26/Jan/2025 22:33:13] "[36mGET /static/js/scripts.js HTTP/1.1[0m" 304 -]
[2025-01-26 22:33:13,595: INFO: _internal: 127.0.0.1 - - [26/Jan/2025 22:33:13] "[33mGET /static/assets/img/wine.jpg HTTP/1.1[0m" 404 -]
[2025-01-26 22:33:13,610: INFO: _internal: 127.0.0.1 - - [26/Jan/2025 22:33:13] "[36mGET /static/assets/img/form-v9.jpg HTTP/1.1[0m" 304 -]
[2025-01-26 22:33:13,622: INFO: _internal: 127.0.0.1 - - [26/Jan/2025 22:33:13] "[33mGET /static/fonts/Nunito/Nunito-Bold.ttf HTTP/1.1[0m" 404 -]
[2025-01-26 22:33:13,673: INFO: _internal: 127.0.0.1 - - [26/Jan/2025 22:33:13] "[36mGET /static/assets/favicon.ico HTTP/1.1[0m" 304 -]
[2025-01-26 22:34:22,247: INFO: _internal: 127.0.0.1 - - [26/Jan/2025 22:34:22] "GET / HTTP/1.1" 200 -]
[2025-01-26 22:34:22,319: INFO: _internal: 127.0.0.1 - - [26/Jan/2025 22:34:22] "[36mGET /static/css/styles.css HTTP/1.1[0m" 304 -]
[2025-01-26 22:34:22,329: INFO: _internal: 127.0.0.1 - - [26/Jan/2025 22:34:22] "[36mGET /static/css2/nunito-font.css HTTP/1.1[0m" 304 -]
[2025-01-26 22:34:22,338: INFO: _internal: 127.0.0.1 - - [26/Jan/2025 22:34:22] "[36mGET /static/css2/style.css HTTP/1.1[0m" 304 -]
[2025-01-26 22:34:22,341: INFO: _internal: 127.0.0.1 - - [26/Jan/2025 22:34:22] "[36mGET /static/js/scripts.js HTTP/1.1[0m" 304 -]
[2025-01-26 22:34:22,389: INFO: _internal: 127.0.0.1 - - [26/Jan/2025 22:34:22] "[33mGET /static/assets/img/wine.jpg HTTP/1.1[0m" 404 -]
[2025-01-26 22:34:22,422: INFO: _internal: 127.0.0.1 - - [26/Jan/2025 22:34:22] "[36mGET /static/assets/img/form-v9.jpg HTTP/1.1[0m" 304 -]
[2025-01-26 22:34:22,454: INFO: _internal: 127.0.0.1 - - [26/Jan/2025 22:34:22] "[33mGET /static/fonts/Nunito/Nunito-Bold.ttf HTTP/1.1[0m" 404 -]
[2025-01-26 22:34:23,179: INFO: _internal: 127.0.0.1 - - [26/Jan/2025 22:34:23] "GET / HTTP/1.1" 200 -]
[2025-01-26 22:34:23,234: INFO: _internal: 127.0.0.1 - - [26/Jan/2025 22:34:23] "[36mGET /static/css/styles.css HTTP/1.1[0m" 304 -]
[2025-01-26 22:34:23,246: INFO: _internal: 127.0.0.1 - - [26/Jan/2025 22:34:23] "[36mGET /static/css2/nunito-font.css HTTP/1.1[0m" 304 -]
[2025-01-26 22:34:23,252: INFO: _internal: 127.0.0.1 - - [26/Jan/2025 22:34:23] "[36mGET /static/css2/style.css HTTP/1.1[0m" 304 -]
[2025-01-26 22:34:23,253: INFO: _internal: 127.0.0.1 - - [26/Jan/2025 22:34:23] "[36mGET /static/js/scripts.js HTTP/1.1[0m" 304 -]
[2025-01-26 22:34:23,279: INFO: _internal: 127.0.0.1 - - [26/Jan/2025 22:34:23] "[33mGET /static/assets/img/wine.jpg HTTP/1.1[0m" 404 -]
[2025-01-26 22:34:23,310: INFO: _internal: 127.0.0.1 - - [26/Jan/2025 22:34:23] "[36mGET /static/assets/img/form-v9.jpg HTTP/1.1[0m" 304 -]
[2025-01-26 22:34:23,345: INFO: _internal: 127.0.0.1 - - [26/Jan/2025 22:34:23] "[33mGET /static/fonts/Nunito/Nunito-Bold.ttf HTTP/1.1[0m" 404 -]
[2025-01-26 22:35:36,154: INFO: _internal: 127.0.0.1 - - [26/Jan/2025 22:35:36] "GET / HTTP/1.1" 200 -]
[2025-01-26 22:35:36,201: INFO: _internal: 127.0.0.1 - - [26/Jan/2025 22:35:36] "[36mGET /static/css/styles.css HTTP/1.1[0m" 304 -]
[2025-01-26 22:35:36,209: INFO: _internal: 127.0.0.1 - - [26/Jan/2025 22:35:36] "[36mGET /static/css2/nunito-font.css HTTP/1.1[0m" 304 -]
[2025-01-26 22:35:36,221: INFO: _internal: 127.0.0.1 - - [26/Jan/2025 22:35:36] "[36mGET /static/css2/style.css HTTP/1.1[0m" 304 -]
[2025-01-26 22:35:36,227: INFO: _internal: 127.0.0.1 - - [26/Jan/2025 22:35:36] "[36mGET /static/js/scripts.js HTTP/1.1[0m" 304 -]
[2025-01-26 22:35:36,249: INFO: _internal: 127.0.0.1 - - [26/Jan/2025 22:35:36] "[33mGET /static/assets/img/wine.jpg HTTP/1.1[0m" 404 -]
[2025-01-26 22:35:36,274: INFO: _internal: 127.0.0.1 - - [26/Jan/2025 22:35:36] "[36mGET /static/assets/img/form-v9.jpg HTTP/1.1[0m" 304 -]
[2025-01-26 22:35:36,303: INFO: _internal: 127.0.0.1 - - [26/Jan/2025 22:35:36] "[33mGET /static/fonts/Nunito/Nunito-Bold.ttf HTTP/1.1[0m" 404 -]
[2025-01-26 22:35:36,398: INFO: _internal: 127.0.0.1 - - [26/Jan/2025 22:35:36] "[36mGET /static/assets/favicon.ico HTTP/1.1[0m" 304 -]
[2025-01-26 22:35:46,464: INFO: _internal: [31m[1mWARNING: This is a development server. Do not use it in a production deployment. Use a production WSGI server instead.[0m
 * Running on all addresses (0.0.0.0)
 * Running on http://127.0.0.1:8080
 * Running on http://172.20.10.3:8080]
[2025-01-26 22:35:46,467: INFO: _internal: [33mPress CTRL+C to quit[0m]
[2025-01-26 22:35:53,322: INFO: _internal: 127.0.0.1 - - [26/Jan/2025 22:35:53] "GET / HTTP/1.1" 200 -]
[2025-01-26 22:35:53,600: INFO: _internal: 127.0.0.1 - - [26/Jan/2025 22:35:53] "[36mGET /static/js/scripts.js HTTP/1.1[0m" 304 -]
[2025-01-26 22:35:53,602: INFO: _internal: 127.0.0.1 - - [26/Jan/2025 22:35:53] "[36mGET /static/css2/nunito-font.css HTTP/1.1[0m" 304 -]
[2025-01-26 22:35:53,617: INFO: _internal: 127.0.0.1 - - [26/Jan/2025 22:35:53] "[36mGET /static/css2/style.css HTTP/1.1[0m" 304 -]
[2025-01-26 22:35:53,623: INFO: _internal: 127.0.0.1 - - [26/Jan/2025 22:35:53] "[36mGET /static/css/styles.css HTTP/1.1[0m" 304 -]
[2025-01-26 22:36:01,872: INFO: _internal: 127.0.0.1 - - [26/Jan/2025 22:36:01] "[33mGET /static/assets/img/wine.jpg HTTP/1.1[0m" 404 -]
[2025-01-26 22:36:01,876: INFO: _internal: 127.0.0.1 - - [26/Jan/2025 22:36:01] "[36mGET /static/assets/img/form-v9.jpg HTTP/1.1[0m" 304 -]
[2025-01-26 22:36:01,926: INFO: _internal: 127.0.0.1 - - [26/Jan/2025 22:36:01] "[33mGET /static/fonts/Nunito/Nunito-Bold.ttf HTTP/1.1[0m" 404 -]
[2025-01-26 22:36:10,059: INFO: _internal: 127.0.0.1 - - [26/Jan/2025 22:36:10] "[33mGET /index.html HTTP/1.1[0m" 404 -]
[2025-01-26 22:36:10,178: INFO: _internal: 127.0.0.1 - - [26/Jan/2025 22:36:10] "[33mGET /favicon.ico HTTP/1.1[0m" 404 -]
[2025-01-26 22:36:19,956: INFO: _internal: 127.0.0.1 - - [26/Jan/2025 22:36:19] "[33mGET /index.html HTTP/1.1[0m" 404 -]
[2025-01-26 22:36:23,525: INFO: _internal: 127.0.0.1 - - [26/Jan/2025 22:36:23] "GET / HTTP/1.1" 200 -]
[2025-01-26 22:36:23,569: INFO: _internal: 127.0.0.1 - - [26/Jan/2025 22:36:23] "[36mGET /static/css/styles.css HTTP/1.1[0m" 304 -]
[2025-01-26 22:36:23,577: INFO: _internal: 127.0.0.1 - - [26/Jan/2025 22:36:23] "[36mGET /static/css2/nunito-font.css HTTP/1.1[0m" 304 -]
[2025-01-26 22:36:23,586: INFO: _internal: 127.0.0.1 - - [26/Jan/2025 22:36:23] "[36mGET /static/css2/style.css HTTP/1.1[0m" 304 -]
[2025-01-26 22:36:23,590: INFO: _internal: 127.0.0.1 - - [26/Jan/2025 22:36:23] "[36mGET /static/js/scripts.js HTTP/1.1[0m" 304 -]
[2025-01-26 22:36:23,675: INFO: _internal: 127.0.0.1 - - [26/Jan/2025 22:36:23] "[36mGET /static/assets/favicon.ico HTTP/1.1[0m" 304 -]
[2025-01-26 22:36:25,049: INFO: _internal: 127.0.0.1 - - [26/Jan/2025 22:36:25] "[33mGET /static/assets/img/wine.jpg HTTP/1.1[0m" 404 -]
[2025-01-26 22:36:25,051: INFO: _internal: 127.0.0.1 - - [26/Jan/2025 22:36:25] "[36mGET /static/assets/img/form-v9.jpg HTTP/1.1[0m" 304 -]
[2025-01-26 22:36:25,072: INFO: _internal: 127.0.0.1 - - [26/Jan/2025 22:36:25] "[33mGET /static/fonts/Nunito/Nunito-Bold.ttf HTTP/1.1[0m" 404 -]
[2025-01-26 22:36:35,921: INFO: _internal: [31m[1mWARNING: This is a development server. Do not use it in a production deployment. Use a production WSGI server instead.[0m
 * Running on all addresses (0.0.0.0)
 * Running on http://127.0.0.1:8080
 * Running on http://172.20.10.3:8080]
[2025-01-26 22:36:35,923: INFO: _internal: [33mPress CTRL+C to quit[0m]
[2025-01-26 22:36:39,976: INFO: _internal: 127.0.0.1 - - [26/Jan/2025 22:36:39] "GET / HTTP/1.1" 200 -]
[2025-01-26 22:36:40,364: INFO: _internal: 127.0.0.1 - - [26/Jan/2025 22:36:40] "[36mGET /static/css2/style.css HTTP/1.1[0m" 304 -]
[2025-01-26 22:36:40,365: INFO: _internal: 127.0.0.1 - - [26/Jan/2025 22:36:40] "[36mGET /static/css2/nunito-font.css HTTP/1.1[0m" 304 -]
[2025-01-26 22:36:40,376: INFO: _internal: 127.0.0.1 - - [26/Jan/2025 22:36:40] "[36mGET /static/js/scripts.js HTTP/1.1[0m" 304 -]
[2025-01-26 22:36:40,382: INFO: _internal: 127.0.0.1 - - [26/Jan/2025 22:36:40] "[36mGET /static/css/styles.css HTTP/1.1[0m" 304 -]
[2025-01-26 22:36:40,424: INFO: _internal: 127.0.0.1 - - [26/Jan/2025 22:36:40] "[33mGET /static/assets/img/wine.jpg HTTP/1.1[0m" 404 -]
[2025-01-26 22:36:40,430: INFO: _internal: 127.0.0.1 - - [26/Jan/2025 22:36:40] "[36mGET /static/assets/img/form-v9.jpg HTTP/1.1[0m" 304 -]
[2025-01-26 22:36:40,549: INFO: _internal: 127.0.0.1 - - [26/Jan/2025 22:36:40] "[33mGET /static/fonts/Nunito/Nunito-Bold.ttf HTTP/1.1[0m" 404 -]
[2025-01-26 22:37:43,032: INFO: _internal: [31m[1mWARNING: This is a development server. Do not use it in a production deployment. Use a production WSGI server instead.[0m
 * Running on all addresses (0.0.0.0)
 * Running on http://127.0.0.1:8080
 * Running on http://172.20.10.3:8080]
[2025-01-26 22:37:43,035: INFO: _internal: [33mPress CTRL+C to quit[0m]
[2025-01-26 22:37:48,107: INFO: _internal: 127.0.0.1 - - [26/Jan/2025 22:37:48] "GET / HTTP/1.1" 200 -]
[2025-01-26 22:37:48,439: INFO: _internal: 127.0.0.1 - - [26/Jan/2025 22:37:48] "[36mGET /static/css2/nunito-font.css HTTP/1.1[0m" 304 -]
[2025-01-26 22:37:48,444: INFO: _internal: 127.0.0.1 - - [26/Jan/2025 22:37:48] "[36mGET /static/css/styles.css HTTP/1.1[0m" 304 -]
[2025-01-26 22:37:48,488: INFO: _internal: 127.0.0.1 - - [26/Jan/2025 22:37:48] "[33mGET /static/assets/img/wine.jpg HTTP/1.1[0m" 404 -]
[2025-01-26 22:37:48,499: INFO: _internal: 127.0.0.1 - - [26/Jan/2025 22:37:48] "[36mGET /static/css2/style.css HTTP/1.1[0m" 304 -]
[2025-01-26 22:37:48,509: INFO: _internal: 127.0.0.1 - - [26/Jan/2025 22:37:48] "[36mGET /static/js/scripts.js HTTP/1.1[0m" 304 -]
[2025-01-26 22:37:48,575: INFO: _internal: 127.0.0.1 - - [26/Jan/2025 22:37:48] "[36mGET /static/assets/img/form-v9.jpg HTTP/1.1[0m" 304 -]
[2025-01-26 22:37:48,644: INFO: _internal: 127.0.0.1 - - [26/Jan/2025 22:37:48] "[33mGET /static/fonts/Nunito/Nunito-Bold.ttf HTTP/1.1[0m" 404 -]
[2025-01-26 22:42:17,186: INFO: _internal: [31m[1mWARNING: This is a development server. Do not use it in a production deployment. Use a production WSGI server instead.[0m
 * Running on all addresses (0.0.0.0)
 * Running on http://127.0.0.1:8080
 * Running on http://172.20.10.3:8080]
[2025-01-26 22:42:17,188: INFO: _internal: [33mPress CTRL+C to quit[0m]
[2025-01-26 22:42:28,803: INFO: _internal: 127.0.0.1 - - [26/Jan/2025 22:42:28] "GET / HTTP/1.1" 200 -]
[2025-01-26 22:42:29,139: INFO: _internal: 127.0.0.1 - - [26/Jan/2025 22:42:29] "[36mGET /static/js/scripts.js HTTP/1.1[0m" 304 -]
[2025-01-26 22:42:29,149: INFO: _internal: 127.0.0.1 - - [26/Jan/2025 22:42:29] "[36mGET /static/css2/style.css HTTP/1.1[0m" 304 -]
[2025-01-26 22:42:29,160: INFO: _internal: 127.0.0.1 - - [26/Jan/2025 22:42:29] "[36mGET /static/css2/nunito-font.css HTTP/1.1[0m" 304 -]
[2025-01-26 22:42:29,166: INFO: _internal: 127.0.0.1 - - [26/Jan/2025 22:42:29] "[36mGET /static/css/styles.css HTTP/1.1[0m" 304 -]
[2025-01-26 22:42:29,208: INFO: _internal: 127.0.0.1 - - [26/Jan/2025 22:42:29] "[33mGET /static/assets/img/wine.jpg HTTP/1.1[0m" 404 -]
[2025-01-26 22:42:29,212: INFO: _internal: 127.0.0.1 - - [26/Jan/2025 22:42:29] "[36mGET /static/assets/img/form-v9.jpg HTTP/1.1[0m" 304 -]
[2025-01-26 22:42:29,323: INFO: _internal: 127.0.0.1 - - [26/Jan/2025 22:42:29] "[33mGET /static/fonts/Nunito/Nunito-Bold.ttf HTTP/1.1[0m" 404 -]
[2025-01-26 22:49:08,763: INFO: _internal: [31m[1mWARNING: This is a development server. Do not use it in a production deployment. Use a production WSGI server instead.[0m
 * Running on all addresses (0.0.0.0)
 * Running on http://127.0.0.1:8080
 * Running on http://172.20.10.3:8080]
[2025-01-26 22:49:08,765: INFO: _internal: [33mPress CTRL+C to quit[0m]
[2025-01-26 22:49:11,179: INFO: _internal: 127.0.0.1 - - [26/Jan/2025 22:49:11] "GET / HTTP/1.1" 200 -]
[2025-01-26 22:49:11,695: INFO: _internal: 127.0.0.1 - - [26/Jan/2025 22:49:11] "[36mGET /static/css2/nunito-font.css HTTP/1.1[0m" 304 -]
[2025-01-26 22:49:11,697: INFO: _internal: 127.0.0.1 - - [26/Jan/2025 22:49:11] "[36mGET /static/js/scripts.js HTTP/1.1[0m" 304 -]
[2025-01-26 22:49:11,712: INFO: _internal: 127.0.0.1 - - [26/Jan/2025 22:49:11] "[36mGET /static/css2/style.css HTTP/1.1[0m" 304 -]
[2025-01-26 22:49:11,715: INFO: _internal: 127.0.0.1 - - [26/Jan/2025 22:49:11] "[36mGET /static/css/styles.css HTTP/1.1[0m" 304 -]
[2025-01-26 22:49:11,759: INFO: _internal: 127.0.0.1 - - [26/Jan/2025 22:49:11] "[33mGET /static/assets/img/wine.jpg HTTP/1.1[0m" 404 -]
[2025-01-26 22:49:11,765: INFO: _internal: 127.0.0.1 - - [26/Jan/2025 22:49:11] "[36mGET /static/assets/img/form-v9.jpg HTTP/1.1[0m" 304 -]
[2025-01-26 22:49:11,915: INFO: _internal: 127.0.0.1 - - [26/Jan/2025 22:49:11] "[33mGET /static/fonts/Nunito/Nunito-Bold.ttf HTTP/1.1[0m" 404 -]
[2025-01-26 22:52:01,053: INFO: _internal: [31m[1mWARNING: This is a development server. Do not use it in a production deployment. Use a production WSGI server instead.[0m
 * Running on all addresses (0.0.0.0)
 * Running on http://127.0.0.1:8080
 * Running on http://172.20.10.3:8080]
[2025-01-26 22:52:01,055: INFO: _internal: [33mPress CTRL+C to quit[0m]
[2025-01-26 22:52:05,668: INFO: _internal: 127.0.0.1 - - [26/Jan/2025 22:52:05] "GET / HTTP/1.1" 200 -]
[2025-01-26 22:52:06,158: INFO: _internal: 127.0.0.1 - - [26/Jan/2025 22:52:06] "[36mGET /static/js/scripts.js HTTP/1.1[0m" 304 -]
[2025-01-26 22:52:06,166: INFO: _internal: 127.0.0.1 - - [26/Jan/2025 22:52:06] "[36mGET /static/css2/nunito-font.css HTTP/1.1[0m" 304 -]
[2025-01-26 22:52:06,169: INFO: _internal: 127.0.0.1 - - [26/Jan/2025 22:52:06] "[36mGET /static/css2/style.css HTTP/1.1[0m" 304 -]
[2025-01-26 22:52:06,188: INFO: _internal: 127.0.0.1 - - [26/Jan/2025 22:52:06] "[36mGET /static/css/styles.css HTTP/1.1[0m" 304 -]
[2025-01-26 22:52:06,224: INFO: _internal: 127.0.0.1 - - [26/Jan/2025 22:52:06] "[33mGET /static/assets/img/wine.jpg HTTP/1.1[0m" 404 -]
[2025-01-26 22:52:06,233: INFO: _internal: 127.0.0.1 - - [26/Jan/2025 22:52:06] "[36mGET /static/assets/img/form-v9.jpg HTTP/1.1[0m" 304 -]
[2025-01-26 22:52:06,403: INFO: _internal: 127.0.0.1 - - [26/Jan/2025 22:52:06] "[33mGET /static/fonts/Nunito/Nunito-Bold.ttf HTTP/1.1[0m" 404 -]
[2025-01-26 22:53:10,483: INFO: _internal: 127.0.0.1 - - [26/Jan/2025 22:53:10] "GET / HTTP/1.1" 200 -]
[2025-01-26 22:53:10,539: INFO: _internal: 127.0.0.1 - - [26/Jan/2025 22:53:10] "[36mGET /static/css/styles.css HTTP/1.1[0m" 304 -]
[2025-01-26 22:53:10,566: INFO: _internal: 127.0.0.1 - - [26/Jan/2025 22:53:10] "[36mGET /static/css2/nunito-font.css HTTP/1.1[0m" 304 -]
[2025-01-26 22:53:10,568: INFO: _internal: 127.0.0.1 - - [26/Jan/2025 22:53:10] "[36mGET /static/css2/style.css HTTP/1.1[0m" 304 -]
[2025-01-26 22:53:10,575: INFO: _internal: 127.0.0.1 - - [26/Jan/2025 22:53:10] "[36mGET /static/js/scripts.js HTTP/1.1[0m" 304 -]
[2025-01-26 22:53:10,598: INFO: _internal: 127.0.0.1 - - [26/Jan/2025 22:53:10] "[33mGET /static/assets/img/wine.jpg HTTP/1.1[0m" 404 -]
[2025-01-26 22:53:10,653: INFO: _internal: 127.0.0.1 - - [26/Jan/2025 22:53:10] "[36mGET /static/assets/img/form-v9.jpg HTTP/1.1[0m" 304 -]
[2025-01-26 22:53:10,667: INFO: _internal: 127.0.0.1 - - [26/Jan/2025 22:53:10] "[33mGET /static/fonts/Nunito/Nunito-Bold.ttf HTTP/1.1[0m" 404 -]
[2025-01-26 22:53:11,517: INFO: _internal: 127.0.0.1 - - [26/Jan/2025 22:53:11] "GET / HTTP/1.1" 200 -]
[2025-01-26 22:53:11,577: INFO: _internal: 127.0.0.1 - - [26/Jan/2025 22:53:11] "[36mGET /static/css/styles.css HTTP/1.1[0m" 304 -]
[2025-01-26 22:53:11,594: INFO: _internal: 127.0.0.1 - - [26/Jan/2025 22:53:11] "[36mGET /static/css2/nunito-font.css HTTP/1.1[0m" 304 -]
[2025-01-26 22:53:11,596: INFO: _internal: 127.0.0.1 - - [26/Jan/2025 22:53:11] "[36mGET /static/css2/style.css HTTP/1.1[0m" 304 -]
[2025-01-26 22:53:11,603: INFO: _internal: 127.0.0.1 - - [26/Jan/2025 22:53:11] "[36mGET /static/js/scripts.js HTTP/1.1[0m" 304 -]
[2025-01-26 22:53:11,618: INFO: _internal: 127.0.0.1 - - [26/Jan/2025 22:53:11] "[33mGET /static/assets/img/wine.jpg HTTP/1.1[0m" 404 -]
[2025-01-26 22:53:11,655: INFO: _internal: 127.0.0.1 - - [26/Jan/2025 22:53:11] "[36mGET /static/assets/img/form-v9.jpg HTTP/1.1[0m" 304 -]
[2025-01-26 22:53:11,684: INFO: _internal: 127.0.0.1 - - [26/Jan/2025 22:53:11] "[33mGET /static/fonts/Nunito/Nunito-Bold.ttf HTTP/1.1[0m" 404 -]
[2025-01-26 22:54:16,657: INFO: _internal: [31m[1mWARNING: This is a development server. Do not use it in a production deployment. Use a production WSGI server instead.[0m
 * Running on all addresses (0.0.0.0)
 * Running on http://127.0.0.1:8080
 * Running on http://172.20.10.3:8080]
[2025-01-26 22:54:16,659: INFO: _internal: [33mPress CTRL+C to quit[0m]
[2025-01-26 22:54:21,304: INFO: _internal: 127.0.0.1 - - [26/Jan/2025 22:54:21] "GET / HTTP/1.1" 200 -]
[2025-01-26 22:54:21,569: INFO: _internal: 127.0.0.1 - - [26/Jan/2025 22:54:21] "[36mGET /static/css/styles.css HTTP/1.1[0m" 304 -]
[2025-01-26 22:54:21,583: INFO: _internal: 127.0.0.1 - - [26/Jan/2025 22:54:21] "[36mGET /static/js/scripts.js HTTP/1.1[0m" 304 -]
[2025-01-26 22:54:21,584: INFO: _internal: 127.0.0.1 - - [26/Jan/2025 22:54:21] "[36mGET /static/css2/nunito-font.css HTTP/1.1[0m" 304 -]
[2025-01-26 22:54:21,589: INFO: _internal: 127.0.0.1 - - [26/Jan/2025 22:54:21] "[36mGET /static/css2/style.css HTTP/1.1[0m" 304 -]
[2025-01-26 22:54:21,625: INFO: _internal: 127.0.0.1 - - [26/Jan/2025 22:54:21] "[33mGET /static/assets/img/wine.jpg HTTP/1.1[0m" 404 -]
[2025-01-26 22:54:21,741: INFO: _internal: 127.0.0.1 - - [26/Jan/2025 22:54:21] "[36mGET /static/assets/img/form-v9.jpg HTTP/1.1[0m" 304 -]
[2025-01-26 22:54:21,838: INFO: _internal: 127.0.0.1 - - [26/Jan/2025 22:54:21] "[33mGET /static/fonts/Nunito/Nunito-Bold.ttf HTTP/1.1[0m" 404 -]
[2025-01-26 22:58:09,596: INFO: _internal: [31m[1mWARNING: This is a development server. Do not use it in a production deployment. Use a production WSGI server instead.[0m
 * Running on all addresses (0.0.0.0)
 * Running on http://127.0.0.1:8080
 * Running on http://172.20.10.3:8080]
[2025-01-26 22:58:09,598: INFO: _internal: [33mPress CTRL+C to quit[0m]
[2025-01-26 22:58:12,093: INFO: _internal: 127.0.0.1 - - [26/Jan/2025 22:58:12] "GET / HTTP/1.1" 200 -]
[2025-01-26 22:58:12,362: INFO: _internal: 127.0.0.1 - - [26/Jan/2025 22:58:12] "[36mGET /static/css2/nunito-font.css HTTP/1.1[0m" 304 -]
[2025-01-26 22:58:12,369: INFO: _internal: 127.0.0.1 - - [26/Jan/2025 22:58:12] "[36mGET /static/js/scripts.js HTTP/1.1[0m" 304 -]
[2025-01-26 22:58:12,371: INFO: _internal: 127.0.0.1 - - [26/Jan/2025 22:58:12] "[36mGET /static/css2/style.css HTTP/1.1[0m" 304 -]
[2025-01-26 22:58:12,405: INFO: _internal: 127.0.0.1 - - [26/Jan/2025 22:58:12] "GET /static/css/styles.css HTTP/1.1" 200 -]
[2025-01-26 22:58:12,457: INFO: _internal: 127.0.0.1 - - [26/Jan/2025 22:58:12] "[33mGET /static/assets/img/wine.jpg HTTP/1.1[0m" 404 -]
[2025-01-26 22:58:12,565: INFO: _internal: 127.0.0.1 - - [26/Jan/2025 22:58:12] "[36mGET /static/assets/img/form-v9.jpg HTTP/1.1[0m" 304 -]
[2025-01-26 22:58:12,640: INFO: _internal: 127.0.0.1 - - [26/Jan/2025 22:58:12] "[33mGET /static/fonts/Nunito/Nunito-Bold.ttf HTTP/1.1[0m" 404 -]
[2025-01-27 00:04:25,571: INFO: _internal: [31m[1mWARNING: This is a development server. Do not use it in a production deployment. Use a production WSGI server instead.[0m
 * Running on all addresses (0.0.0.0)
 * Running on http://127.0.0.1:8080
 * Running on http://172.20.10.3:8080]
[2025-01-27 00:04:25,572: INFO: _internal: [33mPress CTRL+C to quit[0m]
[2025-01-27 00:04:27,504: INFO: _internal: 127.0.0.1 - - [27/Jan/2025 00:04:27] "GET / HTTP/1.1" 200 -]
[2025-01-27 00:04:28,320: INFO: _internal: 127.0.0.1 - - [27/Jan/2025 00:04:28] "[36mGET /static/css2/style.css HTTP/1.1[0m" 304 -]
[2025-01-27 00:04:28,337: INFO: _internal: 127.0.0.1 - - [27/Jan/2025 00:04:28] "GET /static/css/styles.css HTTP/1.1" 200 -]
[2025-01-27 00:04:28,345: INFO: _internal: 127.0.0.1 - - [27/Jan/2025 00:04:28] "[36mGET /static/css2/nunito-font.css HTTP/1.1[0m" 304 -]
[2025-01-27 00:04:28,353: INFO: _internal: 127.0.0.1 - - [27/Jan/2025 00:04:28] "[36mGET /static/js/scripts.js HTTP/1.1[0m" 304 -]
[2025-01-27 00:04:28,388: INFO: _internal: 127.0.0.1 - - [27/Jan/2025 00:04:28] "[33mGET /static/assets/img/wine.jpg HTTP/1.1[0m" 404 -]
[2025-01-27 00:04:28,464: INFO: _internal: 127.0.0.1 - - [27/Jan/2025 00:04:28] "[36mGET /static/assets/img/form-v9.jpg HTTP/1.1[0m" 304 -]
[2025-01-27 00:04:28,540: INFO: _internal: 127.0.0.1 - - [27/Jan/2025 00:04:28] "[33mGET /static/fonts/Nunito/Nunito-Bold.ttf HTTP/1.1[0m" 404 -]
[2025-01-27 00:05:19,930: INFO: _internal: [31m[1mWARNING: This is a development server. Do not use it in a production deployment. Use a production WSGI server instead.[0m
 * Running on all addresses (0.0.0.0)
 * Running on http://127.0.0.1:8080
 * Running on http://172.20.10.3:8080]
[2025-01-27 00:05:19,931: INFO: _internal: [33mPress CTRL+C to quit[0m]
[2025-01-27 00:05:31,451: INFO: _internal: 127.0.0.1 - - [27/Jan/2025 00:05:31] "GET / HTTP/1.1" 200 -]
[2025-01-27 00:05:31,683: INFO: _internal: 127.0.0.1 - - [27/Jan/2025 00:05:31] "[36mGET /static/js/scripts.js HTTP/1.1[0m" 304 -]
[2025-01-27 00:05:31,686: INFO: _internal: 127.0.0.1 - - [27/Jan/2025 00:05:31] "[36mGET /static/css2/nunito-font.css HTTP/1.1[0m" 304 -]
[2025-01-27 00:05:31,690: INFO: _internal: 127.0.0.1 - - [27/Jan/2025 00:05:31] "[36mGET /static/css2/style.css HTTP/1.1[0m" 304 -]
[2025-01-27 00:05:31,704: INFO: _internal: 127.0.0.1 - - [27/Jan/2025 00:05:31] "GET /static/css/styles.css HTTP/1.1" 200 -]
[2025-01-27 00:05:31,728: INFO: _internal: 127.0.0.1 - - [27/Jan/2025 00:05:31] "[33mGET /static/assets/img/wine.jpg HTTP/1.1[0m" 404 -]
[2025-01-27 00:05:31,733: INFO: _internal: 127.0.0.1 - - [27/Jan/2025 00:05:31] "[36mGET /static/assets/img/form-v9.jpg HTTP/1.1[0m" 304 -]
[2025-01-27 00:05:31,816: INFO: _internal: 127.0.0.1 - - [27/Jan/2025 00:05:31] "[33mGET /static/fonts/Nunito/Nunito-Bold.ttf HTTP/1.1[0m" 404 -]
[2025-01-27 00:06:16,530: INFO: _internal: [31m[1mWARNING: This is a development server. Do not use it in a production deployment. Use a production WSGI server instead.[0m
 * Running on all addresses (0.0.0.0)
 * Running on http://127.0.0.1:8080
 * Running on http://172.20.10.3:8080]
[2025-01-27 00:06:16,532: INFO: _internal: [33mPress CTRL+C to quit[0m]
[2025-01-27 00:06:19,119: INFO: _internal: 127.0.0.1 - - [27/Jan/2025 00:06:19] "GET / HTTP/1.1" 200 -]
[2025-01-27 00:06:19,351: INFO: _internal: 127.0.0.1 - - [27/Jan/2025 00:06:19] "[36mGET /static/css2/nunito-font.css HTTP/1.1[0m" 304 -]
[2025-01-27 00:06:19,355: INFO: _internal: 127.0.0.1 - - [27/Jan/2025 00:06:19] "[36mGET /static/js/scripts.js HTTP/1.1[0m" 304 -]
[2025-01-27 00:06:19,362: INFO: _internal: 127.0.0.1 - - [27/Jan/2025 00:06:19] "[36mGET /static/css2/style.css HTTP/1.1[0m" 304 -]
[2025-01-27 00:06:19,384: INFO: _internal: 127.0.0.1 - - [27/Jan/2025 00:06:19] "GET /static/css/styles.css HTTP/1.1" 200 -]
[2025-01-27 00:06:19,411: INFO: _internal: 127.0.0.1 - - [27/Jan/2025 00:06:19] "[33mGET /static/assets/img/wine.jpg HTTP/1.1[0m" 404 -]
[2025-01-27 00:06:19,418: INFO: _internal: 127.0.0.1 - - [27/Jan/2025 00:06:19] "[36mGET /static/assets/img/form-v9.jpg HTTP/1.1[0m" 304 -]
[2025-01-27 00:06:19,489: INFO: _internal: 127.0.0.1 - - [27/Jan/2025 00:06:19] "[33mGET /static/fonts/Nunito/Nunito-Bold.ttf HTTP/1.1[0m" 404 -]
[2025-01-27 00:07:10,959: INFO: _internal: [31m[1mWARNING: This is a development server. Do not use it in a production deployment. Use a production WSGI server instead.[0m
 * Running on all addresses (0.0.0.0)
 * Running on http://127.0.0.1:8080
 * Running on http://172.20.10.3:8080]
[2025-01-27 00:07:10,960: INFO: _internal: [33mPress CTRL+C to quit[0m]
[2025-01-27 00:07:18,486: INFO: _internal: 127.0.0.1 - - [27/Jan/2025 00:07:18] "GET / HTTP/1.1" 200 -]
[2025-01-27 00:07:18,712: INFO: _internal: 127.0.0.1 - - [27/Jan/2025 00:07:18] "[36mGET /static/js/scripts.js HTTP/1.1[0m" 304 -]
[2025-01-27 00:07:18,715: INFO: _internal: 127.0.0.1 - - [27/Jan/2025 00:07:18] "[36mGET /static/css2/nunito-font.css HTTP/1.1[0m" 304 -]
[2025-01-27 00:07:18,719: INFO: _internal: 127.0.0.1 - - [27/Jan/2025 00:07:18] "[36mGET /static/css2/style.css HTTP/1.1[0m" 304 -]
[2025-01-27 00:07:18,736: INFO: _internal: 127.0.0.1 - - [27/Jan/2025 00:07:18] "GET /static/css/styles.css HTTP/1.1" 200 -]
[2025-01-27 00:07:18,762: INFO: _internal: 127.0.0.1 - - [27/Jan/2025 00:07:18] "[33mGET /static/assets/img/wine.jpg HTTP/1.1[0m" 404 -]
[2025-01-27 00:07:18,766: INFO: _internal: 127.0.0.1 - - [27/Jan/2025 00:07:18] "[36mGET /static/assets/img/form-v9.jpg HTTP/1.1[0m" 304 -]
[2025-01-27 00:07:18,851: INFO: _internal: 127.0.0.1 - - [27/Jan/2025 00:07:18] "[33mGET /static/fonts/Nunito/Nunito-Bold.ttf HTTP/1.1[0m" 404 -]
[2025-01-27 00:14:00,004: INFO: _internal: [31m[1mWARNING: This is a development server. Do not use it in a production deployment. Use a production WSGI server instead.[0m
 * Running on all addresses (0.0.0.0)
 * Running on http://127.0.0.1:8080
 * Running on http://172.20.10.3:8080]
[2025-01-27 00:14:00,005: INFO: _internal: [33mPress CTRL+C to quit[0m]
[2025-01-27 00:14:02,734: INFO: _internal: 127.0.0.1 - - [27/Jan/2025 00:14:02] "GET / HTTP/1.1" 200 -]
[2025-01-27 00:14:03,454: INFO: _internal: 127.0.0.1 - - [27/Jan/2025 00:14:03] "[36mGET /static/js/scripts.js HTTP/1.1[0m" 304 -]
[2025-01-27 00:14:03,459: INFO: _internal: 127.0.0.1 - - [27/Jan/2025 00:14:03] "[36mGET /static/css2/style.css HTTP/1.1[0m" 304 -]
[2025-01-27 00:14:03,460: INFO: _internal: 127.0.0.1 - - [27/Jan/2025 00:14:03] "[36mGET /static/css2/nunito-font.css HTTP/1.1[0m" 304 -]
[2025-01-27 00:14:03,467: INFO: _internal: 127.0.0.1 - - [27/Jan/2025 00:14:03] "GET /static/css/styles.css HTTP/1.1" 200 -]
[2025-01-27 00:14:03,497: INFO: _internal: 127.0.0.1 - - [27/Jan/2025 00:14:03] "[33mGET /static/assets/img/wine.jpg HTTP/1.1[0m" 404 -]
[2025-01-27 00:14:03,501: INFO: _internal: 127.0.0.1 - - [27/Jan/2025 00:14:03] "[36mGET /static/assets/img/form-v9.jpg HTTP/1.1[0m" 304 -]
[2025-01-27 00:14:03,575: INFO: _internal: 127.0.0.1 - - [27/Jan/2025 00:14:03] "[33mGET /static/fonts/Nunito/Nunito-Bold.ttf HTTP/1.1[0m" 404 -]
